2016-01-06 17:36:21,810 CRIT Supervisor running as root (no user in config file)
2016-01-06 17:36:21,810 WARN Included extra file "/etc/supervisor.d/nginx.conf" during parsing
2016-01-06 17:36:21,810 WARN Included extra file "/etc/supervisor.d/php-fpm.conf" during parsing
2016-01-06 17:36:21,835 INFO RPC interface 'supervisor' initialized
2016-01-06 17:36:21,837 INFO supervisord started with pid 27
2016-01-06 17:36:22,846 INFO spawned: 'nginx' with pid 30
2016-01-06 17:36:22,852 INFO spawned: 'nginx-reload' with pid 31
2016-01-06 17:36:22,858 INFO spawned: 'php-fpm' with pid 32
2016-01-06 17:36:22,867 DEBG 'nginx' stderr output:
2016/01/06 17:36:22 [notice] 30#0: using the "epoll" event method
2016/01/06 17:36:22 [notice] 30#0: nginx/1.8.0
2016/01/06 17:36:22 [notice] 30#0: built by gcc 4.8.2 20140120 (Red Hat 4.8.2-16) (GCC) 
2016/01/06 17:36:22 [notice] 30#0: OS: Linux 4.1.12-boot2docker
2016/01/06 17:36:22 [notice] 30#0: getrlimit(RLIMIT_NOFILE): 1048576:1048576
2016/01/06 17:36:22 [notice] 30#0: start worker processes
2016/01/06 17:36:22 [notice] 30#0: start worker process 33
2016/01/06 17:36:22 [notice] 30#0: start worker process 34
2016/01/06 17:36:22 [notice] 30#0: start worker process 35
2016/01/06 17:36:22 [notice] 30#0: start worker process 36

2016-01-06 17:36:22,932 DEBG fd 14 closed, stopped monitoring <POutputDispatcher at 140156211463520 for <Subprocess at 140156211652872 with name php-fpm in state STARTING> (stdout)>
2016-01-06 17:36:22,934 DEBG 'php-fpm' stderr output:
[06-Jan-2016 17:36:22] WARNING: Nothing matches the include pattern '/data/conf/php-fpm-www-*.conf' from /etc/php-fpm.d/www.conf at line 19.

2016-01-06 17:36:22,934 DEBG fd 18 closed, stopped monitoring <POutputDispatcher at 140156211463880 for <Subprocess at 140156211652872 with name php-fpm in state STARTING> (stderr)>
2016-01-06 17:36:23,935 INFO success: nginx entered RUNNING state, process has stayed up for > than 1 seconds (startsecs)
2016-01-06 17:36:23,936 INFO success: nginx-reload entered RUNNING state, process has stayed up for > than 1 seconds (startsecs)
2016-01-06 17:36:23,936 INFO success: php-fpm entered RUNNING state, process has stayed up for > than 1 seconds (startsecs)
2016-01-06 17:36:26,610 DEBG 'nginx-reload' stdout output:
/data/conf/nginx/hosts.d/ MOVED_TO test.conf

2016-01-06 17:36:26,680 DEBG 'nginx-reload' stderr output:
nginx: the configuration file /etc/nginx/nginx.conf syntax is ok

2016-01-06 17:36:26,680 DEBG 'nginx-reload' stderr output:
nginx: configuration file /etc/nginx/nginx.conf test is successful

2016-01-06 17:36:26,693 DEBG 'nginx' stderr output:
2016/01/06 17:36:26 [notice] 30#0: signal 1 (SIGHUP) received, reconfiguring

2016-01-06 17:36:26,693 DEBG 'nginx' stderr output:
2016/01/06 17:36:26 [notice] 30#0: reconfiguring

2016-01-06 17:36:26,696 DEBG 'nginx' stderr output:
2016/01/06 17:36:26 [notice] 30#0: using the "epoll" event method

2016-01-06 17:36:26,697 DEBG 'nginx' stderr output:
2016/01/06 17:36:26 [notice] 30#0: start worker processes

2016-01-06 17:36:26,698 DEBG 'nginx' stderr output:
2016/01/06 17:36:26 [notice] 30#0: start worker process 41

2016-01-06 17:36:26,699 DEBG 'nginx' stderr output:
2016/01/06 17:36:26 [notice] 30#0: start worker process 42

2016-01-06 17:36:26,701 DEBG 'nginx' stderr output:
2016/01/06 17:36:26 [notice] 30#0: start worker process 43

2016-01-06 17:36:26,703 DEBG 'nginx' stderr output:
2016/01/06 17:36:26 [notice] 30#0: start worker process 44

2016-01-06 17:36:26,807 DEBG 'nginx' stderr output:
2016/01/06 17:36:26 [notice] 33#0: gracefully shutting down
2016/01/06 17:36:26 [notice] 33#0: exiting
2016/01/06 17:36:26 [notice] 33#0: exit
2016/01/06 17:36:26 [notice] 34#0: gracefully shutting down
2016/01/06 17:36:26 [notice] 34#0: exiting
2016/01/06 17:36:26 [notice] 34#0: exit
2016/01/06 17:36:26 [notice] 35#0: gracefully shutting down
2016/01/06 17:36:26 [notice] 35#0: exiting
2016/01/06 17:36:26 [notice] 35#0: exit
2016/01/06 17:36:26 [notice] 36#0: gracefully shutting down
2016/01/06 17:36:26 [notice] 36#0: exiting
2016/01/06 17:36:26 [notice] 36#0: exit

2016-01-06 17:36:26,909 DEBG 'nginx' stderr output:
2016/01/06 17:36:26 [notice] 30#0: signal 17 (SIGCHLD) received
2016/01/06 17:36:26 [notice] 30#0: worker process 35 exited with code 0
2016/01/06 17:36:26 [notice] 30#0: signal 29 (SIGIO) received
2016/01/06 17:36:26 [notice] 30#0: signal 17 (SIGCHLD) received
2016/01/06 17:36:26 [notice] 30#0: worker process 33 exited with code 0
2016/01/06 17:36:26 [notice] 30#0: signal 29 (SIGIO) received
2016/01/06 17:36:26 [notice] 30#0: signal 17 (SIGCHLD) received
2016/01/06 17:36:26 [notice] 30#0: worker process 34 exited with code 0
2016/01/06 17:36:26 [notice] 30#0: signal 29 (SIGIO) received

2016-01-06 17:36:26,910 DEBG 'nginx' stderr output:
2016/01/06 17:36:26 [notice] 30#0: signal 17 (SIGCHLD) received
2016/01/06 17:36:26 [notice] 30#0: worker process 36 exited with code 0
2016/01/06 17:36:26 [notice] 30#0: signal 29 (SIGIO) received

2016-01-06 17:39:26,730 DEBG 'nginx-reload' stdout output:
/etc/nginx/hosts.d/ MOVED_TO wordpress.conf

2016-01-06 17:39:26,737 DEBG 'nginx-reload' stderr output:
nginx: [warn] server name "/etc/nginx/conf.d/default-*.conf" has suspicious symbols in /etc/nginx/hosts.d/wordpress.conf:8

2016-01-06 17:39:26,739 DEBG 'nginx-reload' stderr output:
nginx: [emerg] a duplicate default server for 0.0.0.0:80 in /data/conf/nginx/hosts.d/test.conf:2
nginx: configuration file /etc/nginx/nginx.conf test failed

2016-01-06 17:39:59,872 DEBG 'nginx-reload' stdout output:
/data/conf/nginx/hosts.d/ MOVED_TO test.conf

2016-01-06 17:39:59,884 DEBG 'nginx-reload' stderr output:
nginx: [warn] server name "/etc/nginx/conf.d/default-*.conf" has suspicious symbols in /etc/nginx/hosts.d/wordpress.conf:8

2016-01-06 17:39:59,888 DEBG 'nginx-reload' stderr output:
nginx: [emerg] invalid server name or wildcard "/etc/nginx/conf.d/default-*.conf" on 0.0.0.0:80
nginx: configuration file /etc/nginx/nginx.conf test failed

2016-01-06 17:40:38,007 DEBG 'nginx-reload' stdout output:
/data/conf/nginx/hosts.d/ DELETE test.conf

2016-01-06 17:40:38,014 DEBG 'nginx-reload' stderr output:
nginx: [warn] server name "/etc/nginx/conf.d/default-*.conf" has suspicious symbols in /etc/nginx/hosts.d/wordpress.conf:8

2016-01-06 17:40:38,015 DEBG 'nginx-reload' stderr output:
nginx: the configuration file /etc/nginx/nginx.conf syntax is ok
nginx: configuration file /etc/nginx/nginx.conf test is successful

2016-01-06 17:40:38,021 DEBG 'nginx-reload' stderr output:
nginx: [warn] server name "/etc/nginx/conf.d/default-*.conf" has suspicious symbols in /etc/nginx/hosts.d/wordpress.conf:8

2016-01-06 17:40:38,021 DEBG 'nginx' stderr output:
2016/01/06 17:40:38 [notice] 30#0: signal 1 (SIGHUP) received, reconfiguring
2016/01/06 17:40:38 [notice] 30#0: reconfiguring

2016-01-06 17:40:38,022 DEBG 'nginx' stderr output:
2016/01/06 17:40:38 [warn] 30#0: server name "/etc/nginx/conf.d/default-*.conf" has suspicious symbols in /etc/nginx/hosts.d/wordpress.conf:8

2016-01-06 17:40:38,022 DEBG 'nginx' stderr output:
2016/01/06 17:40:38 [notice] 30#0: using the "epoll" event method

2016-01-06 17:40:38,022 DEBG 'nginx' stderr output:
2016/01/06 17:40:38 [notice] 30#0: start worker processes

2016-01-06 17:40:38,023 DEBG 'nginx' stderr output:
2016/01/06 17:40:38 [notice] 30#0: start worker process 69

2016-01-06 17:40:38,023 DEBG 'nginx' stderr output:
2016/01/06 17:40:38 [notice] 30#0: start worker process 70
2016/01/06 17:40:38 [notice] 30#0: start worker process 71

2016-01-06 17:40:38,024 DEBG 'nginx' stderr output:
2016/01/06 17:40:38 [notice] 30#0: start worker process 72

2016-01-06 17:40:38,125 DEBG 'nginx' stderr output:
2016/01/06 17:40:38 [notice] 43#0: gracefully shutting down
2016/01/06 17:40:38 [notice] 43#0: exiting
2016/01/06 17:40:38 [notice] 42#0: gracefully shutting down
2016/01/06 17:40:38 [notice] 42#0: exiting
2016/01/06 17:40:38 [notice] 43#0: exit
2016/01/06 17:40:38 [notice] 42#0: exit
2016/01/06 17:40:38 [notice] 44#0: gracefully shutting down
2016/01/06 17:40:38 [notice] 41#0: gracefully shutting down
2016/01/06 17:40:38 [notice] 44#0: exiting
2016/01/06 17:40:38 [notice] 41#0: exiting
2016/01/06 17:40:38 [notice] 44#0: exit
2016/01/06 17:40:38 [notice] 41#0: exit

2016-01-06 17:40:38,199 DEBG 'nginx' stderr output:
2016/01/06 17:40:38 [notice] 30#0: signal 17 (SIGCHLD) received
2016/01/06 17:40:38 [notice] 30#0: worker process 41 exited with code 0
2016/01/06 17:40:38 [notice] 30#0: signal 29 (SIGIO) received
2016/01/06 17:40:38 [notice] 30#0: signal 17 (SIGCHLD) received
2016/01/06 17:40:38 [notice] 30#0: worker process 42 exited with code 0
2016/01/06 17:40:38 [notice] 30#0: signal 29 (SIGIO) received

2016-01-06 17:40:38,208 DEBG 'nginx' stderr output:
2016/01/06 17:40:38 [notice] 30#0: signal 17 (SIGCHLD) received
2016/01/06 17:40:38 [notice] 30#0: worker process 43 exited with code 0
2016/01/06 17:40:38 [notice] 30#0: worker process 44 exited with code 0
2016/01/06 17:40:38 [notice] 30#0: signal 29 (SIGIO) received

2016-01-06 17:40:47,148 DEBG 'nginx-reload' stdout output:
/data/conf/nginx/hosts.d/ MOVED_TO wordpress.conf

2016-01-06 17:40:47,154 DEBG 'nginx-reload' stderr output:
nginx: [warn] server name "/etc/nginx/conf.d/default-*.conf" has suspicious symbols in /etc/nginx/hosts.d/wordpress.conf:8

2016-01-06 17:40:47,155 DEBG 'nginx-reload' stderr output:
nginx: [emerg] a duplicate default server for 0.0.0.0:80 in /data/conf/nginx/hosts.d/wordpress.conf:2
nginx: configuration file /etc/nginx/nginx.conf test failed

2016-01-06 17:41:22,253 CRIT Supervisor running as root (no user in config file)
2016-01-06 17:41:22,253 WARN Included extra file "/etc/supervisor.d/nginx.conf" during parsing
2016-01-06 17:41:22,253 WARN Included extra file "/etc/supervisor.d/php-fpm.conf" during parsing
2016-01-06 17:41:22,270 INFO RPC interface 'supervisor' initialized
2016-01-06 17:41:22,271 INFO supervisord started with pid 25
2016-01-06 17:41:23,272 INFO spawned: 'nginx' with pid 28
2016-01-06 17:41:23,275 INFO spawned: 'nginx-reload' with pid 29
2016-01-06 17:41:23,278 INFO spawned: 'php-fpm' with pid 30
2016-01-06 17:41:23,283 DEBG 'nginx' stderr output:
nginx: [warn] server name "/etc/nginx/conf.d/default-*.conf" has suspicious symbols in /etc/nginx/hosts.d/wordpress.conf:8

2016-01-06 17:41:23,285 DEBG 'nginx' stderr output:
nginx: [emerg] a duplicate default server for 0.0.0.0:80 in /data/conf/nginx/hosts.d/wordpress.conf:2

2016-01-06 17:41:23,286 DEBG fd 8 closed, stopped monitoring <POutputDispatcher at 140060917006632 for <Subprocess at 140060917196704 with name nginx in state STARTING> (stdout)>
2016-01-06 17:41:23,287 DEBG fd 10 closed, stopped monitoring <POutputDispatcher at 140060917007064 for <Subprocess at 140060917196704 with name nginx in state STARTING> (stderr)>
2016-01-06 17:41:23,361 DEBG fd 14 closed, stopped monitoring <POutputDispatcher at 140060917007712 for <Subprocess at 140060917197064 with name php-fpm in state STARTING> (stdout)>
2016-01-06 17:41:23,361 INFO exited: nginx (exit status 1; not expected)
2016-01-06 17:41:23,361 DEBG received SIGCLD indicating a child quit
2016-01-06 17:41:23,362 DEBG 'php-fpm' stderr output:
[06-Jan-2016 17:41:23] WARNING: Nothing matches the include pattern '/data/conf/php-fpm-www-*.conf' from /etc/php-fpm.d/www.conf at line 19.

2016-01-06 17:41:23,364 DEBG fd 18 closed, stopped monitoring <POutputDispatcher at 140060917008072 for <Subprocess at 140060917197064 with name php-fpm in state STARTING> (stderr)>
2016-01-06 17:41:24,374 INFO spawned: 'nginx' with pid 32
2016-01-06 17:41:24,375 INFO success: nginx-reload entered RUNNING state, process has stayed up for > than 1 seconds (startsecs)
2016-01-06 17:41:24,375 INFO success: php-fpm entered RUNNING state, process has stayed up for > than 1 seconds (startsecs)
2016-01-06 17:41:24,384 DEBG 'nginx' stderr output:
nginx: [warn] server name "/etc/nginx/conf.d/default-*.conf" has suspicious symbols in /etc/nginx/hosts.d/wordpress.conf:8

2016-01-06 17:41:24,384 DEBG 'nginx' stderr output:
nginx: [emerg] a duplicate default server for 0.0.0.0:80 in /data/conf/nginx/hosts.d/wordpress.conf:2

2016-01-06 17:41:24,385 DEBG fd 8 closed, stopped monitoring <POutputDispatcher at 140060917007064 for <Subprocess at 140060917196704 with name nginx in state STARTING> (stdout)>
2016-01-06 17:41:24,385 DEBG fd 17 closed, stopped monitoring <POutputDispatcher at 140060917007928 for <Subprocess at 140060917196704 with name nginx in state STARTING> (stderr)>
2016-01-06 17:41:24,385 INFO exited: nginx (exit status 1; not expected)
2016-01-06 17:41:24,385 DEBG received SIGCLD indicating a child quit
2016-01-06 17:41:26,389 INFO spawned: 'nginx' with pid 33
2016-01-06 17:41:26,397 DEBG 'nginx' stderr output:
nginx: [warn] server name "/etc/nginx/conf.d/default-*.conf" has suspicious symbols in /etc/nginx/hosts.d/wordpress.conf:8

2016-01-06 17:41:26,398 DEBG fd 8 closed, stopped monitoring <POutputDispatcher at 140060917007928 for <Subprocess at 140060917196704 with name nginx in state STARTING> (stdout)>
2016-01-06 17:41:26,398 DEBG 'nginx' stderr output:
nginx: [emerg] a duplicate default server for 0.0.0.0:80 in /data/conf/nginx/hosts.d/wordpress.conf:2

2016-01-06 17:41:26,398 DEBG fd 17 closed, stopped monitoring <POutputDispatcher at 140060917008360 for <Subprocess at 140060917196704 with name nginx in state STARTING> (stderr)>
2016-01-06 17:41:26,399 INFO exited: nginx (exit status 1; not expected)
2016-01-06 17:41:26,399 DEBG received SIGCLD indicating a child quit
2016-01-06 17:41:29,404 INFO spawned: 'nginx' with pid 34
2016-01-06 17:41:29,419 DEBG fd 8 closed, stopped monitoring <POutputDispatcher at 140060917008360 for <Subprocess at 140060917196704 with name nginx in state STARTING> (stdout)>
2016-01-06 17:41:29,419 DEBG 'nginx' stderr output:
nginx: [warn] server name "/etc/nginx/conf.d/default-*.conf" has suspicious symbols in /etc/nginx/hosts.d/wordpress.conf:8
nginx: [emerg] a duplicate default server for 0.0.0.0:80 in /data/conf/nginx/hosts.d/wordpress.conf:2

2016-01-06 17:41:29,419 DEBG fd 17 closed, stopped monitoring <POutputDispatcher at 140060917008432 for <Subprocess at 140060917196704 with name nginx in state STARTING> (stderr)>
2016-01-06 17:41:29,419 INFO exited: nginx (exit status 1; not expected)
2016-01-06 17:41:29,419 DEBG received SIGCLD indicating a child quit
2016-01-06 17:41:30,421 INFO gave up: nginx entered FATAL state, too many start retries too quickly
2016-01-06 17:43:10,539 DEBG 'nginx-reload' stdout output:
/data/conf/nginx/hosts.d/ MOVED_TO wordpress.conf

2016-01-06 17:43:10,547 DEBG 'nginx-reload' stderr output:
nginx: [warn] server name "/etc/nginx/conf.d/default-*.conf" has suspicious symbols in /etc/nginx/hosts.d/wordpress.conf:8

2016-01-06 17:43:10,550 DEBG 'nginx-reload' stderr output:
nginx: [emerg] a duplicate default server for 0.0.0.0:80 in /data/conf/nginx/hosts.d/wordpress.conf:2

2016-01-06 17:43:10,551 DEBG 'nginx-reload' stderr output:
nginx: configuration file /etc/nginx/nginx.conf test failed

2016-01-06 17:44:35,049 DEBG 'nginx-reload' stdout output:
/data/conf/nginx/hosts.d/ MOVED_TO wordpress.conf

2016-01-06 17:44:35,059 DEBG 'nginx-reload' stderr output:
nginx: [warn] server name "/etc/nginx/conf.d/default-*.conf" has suspicious symbols in /etc/nginx/hosts.d/wordpress.conf:8

2016-01-06 17:44:35,068 DEBG 'nginx-reload' stderr output:
nginx: [warn] server name "/etc/nginx/conf.d/default-*.conf" has suspicious symbols in /data/conf/nginx/hosts.d/wordpress.conf:8

2016-01-06 17:44:35,071 DEBG 'nginx-reload' stderr output:
nginx: [emerg] invalid server name or wildcard "/etc/nginx/conf.d/default-*.conf" on 0.0.0.0:80

2016-01-06 17:44:35,071 DEBG 'nginx-reload' stderr output:
nginx: configuration file /etc/nginx/nginx.conf test failed

2016-01-06 17:45:38,552 CRIT Supervisor running as root (no user in config file)
2016-01-06 17:45:38,552 WARN Included extra file "/etc/supervisor.d/nginx.conf" during parsing
2016-01-06 17:45:38,552 WARN Included extra file "/etc/supervisor.d/php-fpm.conf" during parsing
2016-01-06 17:45:38,566 INFO RPC interface 'supervisor' initialized
2016-01-06 17:45:38,567 INFO supervisord started with pid 26
2016-01-06 17:45:39,569 INFO spawned: 'nginx' with pid 29
2016-01-06 17:45:39,572 INFO spawned: 'nginx-reload' with pid 30
2016-01-06 17:45:39,575 INFO spawned: 'php-fpm' with pid 31
2016-01-06 17:45:39,583 DEBG 'nginx' stderr output:
nginx: [warn] server name "/etc/nginx/conf.d/default-*.conf" has suspicious symbols in /etc/nginx/hosts.d/wordpress.conf:8

2016-01-06 17:45:39,584 DEBG 'nginx' stderr output:
nginx: [warn] server name "/etc/nginx/conf.d/default-*.conf" has suspicious symbols in /data/conf/nginx/hosts.d/wordpress.conf:8

2016-01-06 17:45:39,585 DEBG 'nginx' stderr output:
nginx: [emerg] invalid server name or wildcard "/etc/nginx/conf.d/default-*.conf" on 0.0.0.0:80

2016-01-06 17:45:39,586 DEBG fd 8 closed, stopped monitoring <POutputDispatcher at 139728623317288 for <Subprocess at 139728623507360 with name nginx in state STARTING> (stdout)>
2016-01-06 17:45:39,586 DEBG fd 10 closed, stopped monitoring <POutputDispatcher at 139728623317720 for <Subprocess at 139728623507360 with name nginx in state STARTING> (stderr)>
2016-01-06 17:45:39,587 INFO exited: nginx (exit status 1; not expected)
2016-01-06 17:45:39,587 DEBG received SIGCLD indicating a child quit
2016-01-06 17:45:39,638 DEBG fd 14 closed, stopped monitoring <POutputDispatcher at 139728623318368 for <Subprocess at 139728623507720 with name php-fpm in state STARTING> (stdout)>
2016-01-06 17:45:39,639 DEBG 'php-fpm' stderr output:
[06-Jan-2016 17:45:39] WARNING: Nothing matches the include pattern '/data/conf/php-fpm-www-*.conf' from /etc/php-fpm.d/www.conf at line 19.

2016-01-06 17:45:39,640 DEBG fd 18 closed, stopped monitoring <POutputDispatcher at 139728623318728 for <Subprocess at 139728623507720 with name php-fpm in state STARTING> (stderr)>
2016-01-06 17:45:40,643 INFO spawned: 'nginx' with pid 33
2016-01-06 17:45:40,643 INFO success: nginx-reload entered RUNNING state, process has stayed up for > than 1 seconds (startsecs)
2016-01-06 17:45:40,643 INFO success: php-fpm entered RUNNING state, process has stayed up for > than 1 seconds (startsecs)
2016-01-06 17:45:40,653 DEBG 'nginx' stderr output:
nginx: [warn] server name "/etc/nginx/conf.d/default-*.conf" has suspicious symbols in /etc/nginx/hosts.d/wordpress.conf:8
nginx: [warn] server name "/etc/nginx/conf.d/default-*.conf" has suspicious symbols in /data/conf/nginx/hosts.d/wordpress.conf:8

2016-01-06 17:45:40,655 DEBG fd 8 closed, stopped monitoring <POutputDispatcher at 139728623317720 for <Subprocess at 139728623507360 with name nginx in state STARTING> (stdout)>
2016-01-06 17:45:40,655 DEBG 'nginx' stderr output:
nginx: [emerg] invalid server name or wildcard "/etc/nginx/conf.d/default-*.conf" on 0.0.0.0:80

2016-01-06 17:45:40,655 DEBG fd 17 closed, stopped monitoring <POutputDispatcher at 139728623319088 for <Subprocess at 139728623507360 with name nginx in state STARTING> (stderr)>
2016-01-06 17:45:40,655 INFO exited: nginx (exit status 1; not expected)
2016-01-06 17:45:40,655 DEBG received SIGCLD indicating a child quit
2016-01-06 17:45:42,660 INFO spawned: 'nginx' with pid 34
2016-01-06 17:45:42,673 DEBG 'nginx' stderr output:
nginx: [warn] server name "/etc/nginx/conf.d/default-*.conf" has suspicious symbols in /etc/nginx/hosts.d/wordpress.conf:8

2016-01-06 17:45:42,673 DEBG 'nginx' stderr output:
nginx: [warn] server name "/etc/nginx/conf.d/default-*.conf" has suspicious symbols in /data/conf/nginx/hosts.d/wordpress.conf:8

2016-01-06 17:45:42,675 DEBG 'nginx' stderr output:
nginx: [emerg] invalid server name or wildcard "/etc/nginx/conf.d/default-*.conf" on 0.0.0.0:80

2016-01-06 17:45:42,675 DEBG fd 8 closed, stopped monitoring <POutputDispatcher at 139728623319088 for <Subprocess at 139728623507360 with name nginx in state STARTING> (stdout)>
2016-01-06 17:45:42,675 DEBG fd 17 closed, stopped monitoring <POutputDispatcher at 139728623319160 for <Subprocess at 139728623507360 with name nginx in state STARTING> (stderr)>
2016-01-06 17:45:42,675 INFO exited: nginx (exit status 1; not expected)
2016-01-06 17:45:42,675 DEBG received SIGCLD indicating a child quit
2016-01-06 17:45:45,681 INFO spawned: 'nginx' with pid 35
2016-01-06 17:45:45,690 DEBG 'nginx' stderr output:
nginx: [warn] server name "/etc/nginx/conf.d/default-*.conf" has suspicious symbols in /etc/nginx/hosts.d/wordpress.conf:8

2016-01-06 17:45:45,691 DEBG 'nginx' stderr output:
nginx: [warn] server name "/etc/nginx/conf.d/default-*.conf" has suspicious symbols in /data/conf/nginx/hosts.d/wordpress.conf:8

2016-01-06 17:45:45,692 DEBG 'nginx' stderr output:
nginx: [emerg] invalid server name or wildcard "/etc/nginx/conf.d/default-*.conf" on 0.0.0.0:80

2016-01-06 17:45:45,692 DEBG fd 8 closed, stopped monitoring <POutputDispatcher at 139728623319160 for <Subprocess at 139728623507360 with name nginx in state STARTING> (stdout)>
2016-01-06 17:45:45,693 DEBG fd 17 closed, stopped monitoring <POutputDispatcher at 139728623319232 for <Subprocess at 139728623507360 with name nginx in state STARTING> (stderr)>
2016-01-06 17:45:45,693 INFO exited: nginx (exit status 1; not expected)
2016-01-06 17:45:45,693 DEBG received SIGCLD indicating a child quit
2016-01-06 17:45:46,694 INFO gave up: nginx entered FATAL state, too many start retries too quickly
2016-01-06 17:46:30,326 DEBG 'nginx-reload' stdout output:
/data/conf/nginx/hosts.d/ MOVED_TO wordpress.conf

2016-01-06 17:46:30,335 DEBG 'nginx-reload' stderr output:
nginx: [warn] server name "/etc/nginx/conf.d/default-*.conf" has suspicious symbols in /etc/nginx/hosts.d/wordpress.conf:8

2016-01-06 17:46:30,337 DEBG 'nginx-reload' stderr output:
nginx: [warn] server name "/data/conf/nginx/conf.d/default-*.conf" has suspicious symbols in /data/conf/nginx/hosts.d/wordpress.conf:10

2016-01-06 17:46:30,339 DEBG 'nginx-reload' stderr output:
nginx: [emerg] invalid server name or wildcard "/etc/nginx/conf.d/default-*.conf" on 0.0.0.0:80

2016-01-06 17:46:30,340 DEBG 'nginx-reload' stderr output:
nginx: configuration file /etc/nginx/nginx.conf test failed

2016-01-06 17:46:49,410 DEBG 'nginx-reload' stdout output:
/data/conf/nginx/hosts.d/ MOVED_TO wordpress.conf

2016-01-06 17:46:49,422 DEBG 'nginx-reload' stderr output:
nginx: [warn] server name "/etc/nginx/conf.d/default-*.conf" has suspicious symbols in /etc/nginx/hosts.d/wordpress.conf:8

2016-01-06 17:46:49,423 DEBG 'nginx-reload' stderr output:
nginx: [warn] server name "/etc/nginx/conf.d/php-location.conf" has suspicious symbols in /data/conf/nginx/hosts.d/wordpress.conf:15

2016-01-06 17:46:49,425 DEBG 'nginx-reload' stderr output:
nginx: [emerg] invalid server name or wildcard "/etc/nginx/conf.d/default-*.conf" on 0.0.0.0:80

2016-01-06 17:46:49,426 DEBG 'nginx-reload' stderr output:
nginx: configuration file /etc/nginx/nginx.conf test failed

2016-01-06 17:50:14,732 CRIT Supervisor running as root (no user in config file)
2016-01-06 17:50:14,733 WARN Included extra file "/etc/supervisor.d/nginx.conf" during parsing
2016-01-06 17:50:14,733 WARN Included extra file "/etc/supervisor.d/php-fpm.conf" during parsing
2016-01-06 17:50:14,748 INFO RPC interface 'supervisor' initialized
2016-01-06 17:50:14,749 INFO supervisord started with pid 26
2016-01-06 17:50:15,753 INFO spawned: 'nginx' with pid 29
2016-01-06 17:50:15,760 INFO spawned: 'nginx-reload' with pid 30
2016-01-06 17:50:15,764 INFO spawned: 'php-fpm' with pid 31
2016-01-06 17:50:15,783 DEBG 'nginx' stderr output:
nginx: [warn] server name "/etc/nginx/conf.d/php-location.conf" has suspicious symbols in /data/conf/nginx/hosts.d/wordpress.conf:15

2016-01-06 17:50:15,786 DEBG 'nginx' stderr output:
2016/01/06 17:50:15 [notice] 29#0: using the "epoll" event method
2016/01/06 17:50:15 [notice] 29#0: nginx/1.8.0
2016/01/06 17:50:15 [notice] 29#0: built by gcc 4.8.2 20140120 (Red Hat 4.8.2-16) (GCC) 
2016/01/06 17:50:15 [notice] 29#0: OS: Linux 4.1.12-boot2docker
2016/01/06 17:50:15 [notice] 29#0: getrlimit(RLIMIT_NOFILE): 1048576:1048576
2016/01/06 17:50:15 [notice] 29#0: start worker processes

2016-01-06 17:50:15,787 DEBG 'nginx' stderr output:
2016/01/06 17:50:15 [notice] 29#0: start worker process 33
2016/01/06 17:50:15 [notice] 29#0: start worker process 34

2016-01-06 17:50:15,793 DEBG 'nginx' stderr output:
2016/01/06 17:50:15 [notice] 29#0: start worker process 35
2016/01/06 17:50:15 [notice] 29#0: start worker process 36

2016-01-06 17:50:15,858 DEBG fd 14 closed, stopped monitoring <POutputDispatcher at 140628690810208 for <Subprocess at 140628690999560 with name php-fpm in state STARTING> (stdout)>
2016-01-06 17:50:15,858 DEBG 'php-fpm' stderr output:
[06-Jan-2016 17:50:15] WARNING: Nothing matches the include pattern '/data/conf/php-fpm-www-*.conf' from /etc/php-fpm.d/www.conf at line 19.

2016-01-06 17:50:15,860 DEBG fd 18 closed, stopped monitoring <POutputDispatcher at 140628690810568 for <Subprocess at 140628690999560 with name php-fpm in state STARTING> (stderr)>
2016-01-06 17:50:16,862 INFO success: nginx entered RUNNING state, process has stayed up for > than 1 seconds (startsecs)
2016-01-06 17:50:16,863 INFO success: nginx-reload entered RUNNING state, process has stayed up for > than 1 seconds (startsecs)
2016-01-06 17:50:16,863 INFO success: php-fpm entered RUNNING state, process has stayed up for > than 1 seconds (startsecs)
2016-01-06 17:51:24,829 CRIT Supervisor running as root (no user in config file)
2016-01-06 17:51:24,830 WARN Included extra file "/etc/supervisor.d/nginx.conf" during parsing
2016-01-06 17:51:24,832 WARN Included extra file "/etc/supervisor.d/php-fpm.conf" during parsing
2016-01-06 17:51:24,852 INFO RPC interface 'supervisor' initialized
2016-01-06 17:51:24,853 INFO supervisord started with pid 26
2016-01-06 17:51:25,856 INFO spawned: 'nginx' with pid 29
2016-01-06 17:51:25,860 INFO spawned: 'nginx-reload' with pid 30
2016-01-06 17:51:25,863 INFO spawned: 'php-fpm' with pid 31
2016-01-06 17:51:25,879 DEBG 'nginx' stderr output:
nginx: [warn] server name "/etc/nginx/conf.d/php-location.conf" has suspicious symbols in /data/conf/nginx/hosts.d/wordpress.conf:15

2016-01-06 17:51:25,881 DEBG 'nginx' stderr output:
2016/01/06 17:51:25 [notice] 29#0: using the "epoll" event method

2016-01-06 17:51:25,881 DEBG 'nginx' stderr output:
2016/01/06 17:51:25 [notice] 29#0: nginx/1.8.0

2016-01-06 17:51:25,882 DEBG 'nginx' stderr output:
2016/01/06 17:51:25 [notice] 29#0: built by gcc 4.8.2 20140120 (Red Hat 4.8.2-16) (GCC) 

2016-01-06 17:51:25,882 DEBG 'nginx' stderr output:
2016/01/06 17:51:25 [notice] 29#0: OS: Linux 4.1.12-boot2docker

2016-01-06 17:51:25,882 DEBG 'nginx' stderr output:
2016/01/06 17:51:25 [notice] 29#0: getrlimit(RLIMIT_NOFILE): 1048576:1048576

2016-01-06 17:51:25,884 DEBG 'nginx' stderr output:
2016/01/06 17:51:25 [notice] 29#0: start worker processes

2016-01-06 17:51:25,885 DEBG 'nginx' stderr output:
2016/01/06 17:51:25 [notice] 29#0: start worker process 33

2016-01-06 17:51:25,889 DEBG 'nginx' stderr output:
2016/01/06 17:51:25 [notice] 29#0: start worker process 34

2016-01-06 17:51:25,891 DEBG 'nginx' stderr output:
2016/01/06 17:51:25 [notice] 29#0: start worker process 35

2016-01-06 17:51:25,892 DEBG 'nginx' stderr output:
2016/01/06 17:51:25 [notice] 29#0: start worker process 36

2016-01-06 17:51:26,005 DEBG fd 14 closed, stopped monitoring <POutputDispatcher at 140146643993952 for <Subprocess at 140146644183304 with name php-fpm in state STARTING> (stdout)>
2016-01-06 17:51:26,005 DEBG 'php-fpm' stderr output:
[06-Jan-2016 17:51:26] WARNING: Nothing matches the include pattern '/data/conf/php-fpm-www-*.conf' from /etc/php-fpm.d/www.conf at line 19.

2016-01-06 17:51:26,007 DEBG fd 18 closed, stopped monitoring <POutputDispatcher at 140146643994312 for <Subprocess at 140146644183304 with name php-fpm in state STARTING> (stderr)>
2016-01-06 17:51:27,010 INFO success: nginx entered RUNNING state, process has stayed up for > than 1 seconds (startsecs)
2016-01-06 17:51:27,010 INFO success: nginx-reload entered RUNNING state, process has stayed up for > than 1 seconds (startsecs)
2016-01-06 17:51:27,012 INFO success: php-fpm entered RUNNING state, process has stayed up for > than 1 seconds (startsecs)
2016-01-06 17:57:43,131 CRIT Supervisor running as root (no user in config file)
2016-01-06 17:57:43,131 WARN Included extra file "/etc/supervisor.d/nginx.conf" during parsing
2016-01-06 17:57:43,131 WARN Included extra file "/etc/supervisor.d/php-fpm.conf" during parsing
2016-01-06 17:57:43,149 INFO RPC interface 'supervisor' initialized
2016-01-06 17:57:43,150 INFO supervisord started with pid 26
2016-01-06 17:57:44,159 INFO spawned: 'nginx' with pid 29
2016-01-06 17:57:44,164 INFO spawned: 'nginx-reload' with pid 30
2016-01-06 17:57:44,170 INFO spawned: 'php-fpm' with pid 31
2016-01-06 17:57:44,193 DEBG 'nginx' stderr output:
nginx: [warn] server name "/data/conf/nginx/conf.d/default-*.conf" has suspicious symbols in /etc/nginx/hosts.d/wordpress.conf:10
2016/01/06 17:57:44 [notice] 29#0: using the "epoll" event method
2016/01/06 17:57:44 [notice] 29#0: nginx/1.8.0
2016/01/06 17:57:44 [notice] 29#0: built by gcc 4.8.2 20140120 (Red Hat 4.8.2-16) (GCC) 
2016/01/06 17:57:44 [notice] 29#0: OS: Linux 4.1.12-boot2docker
2016/01/06 17:57:44 [notice] 29#0: getrlimit(RLIMIT_NOFILE): 1048576:1048576
2016/01/06 17:57:44 [notice] 29#0: start worker processes
2016/01/06 17:57:44 [notice] 29#0: start worker process 32
2016/01/06 17:57:44 [notice] 29#0: start worker process 33
2016/01/06 17:57:44 [notice] 29#0: start worker process 34
2016/01/06 17:57:44 [notice] 29#0: start worker process 35

2016-01-06 17:57:44,431 DEBG fd 14 closed, stopped monitoring <POutputDispatcher at 140587092350304 for <Subprocess at 140587092539656 with name php-fpm in state STARTING> (stdout)>
2016-01-06 17:57:44,432 DEBG 'php-fpm' stderr output:
[06-Jan-2016 17:57:44] WARNING: Nothing matches the include pattern '/data/conf/php-fpm-www-*.conf' from /etc/php-fpm.d/www.conf at line 19.

2016-01-06 17:57:44,433 DEBG fd 18 closed, stopped monitoring <POutputDispatcher at 140587092350664 for <Subprocess at 140587092539656 with name php-fpm in state STARTING> (stderr)>
2016-01-06 17:57:45,438 INFO success: nginx entered RUNNING state, process has stayed up for > than 1 seconds (startsecs)
2016-01-06 17:57:45,438 INFO success: nginx-reload entered RUNNING state, process has stayed up for > than 1 seconds (startsecs)
2016-01-06 17:57:45,438 INFO success: php-fpm entered RUNNING state, process has stayed up for > than 1 seconds (startsecs)
2016-01-06 17:57:52,575 DEBG 'nginx' stderr output:
2016/01/06 17:57:52 [error] 35#0: *1 FastCGI sent in stderr: "PHP message: PHP Warning:  mysqli_real_connect(): (HY000/2002): Connection refused in /data/www/wordpress/wp-includes/wp-db.php on line 1487" while reading response header from upstream, client: 192.168.99.1, server: wordpress.test, request: "GET / HTTP/1.1", upstream: "fastcgi://127.0.0.1:9000", host: "docker.dev:8000"

2016-01-06 17:57:53,541 DEBG 'nginx' stderr output:
2016/01/06 17:57:53 [error] 35#0: *1 open() "/data/www/wordpress/favicon.ico" failed (2: No such file or directory), client: 192.168.99.1, server: wordpress.test, request: "GET /favicon.ico HTTP/1.1", host: "docker.dev:8000", referrer: "http://docker.dev:8000/"

2016-01-06 17:58:51,951 DEBG 'nginx' stderr output:
2016/01/06 17:58:51 [error] 35#0: *3 FastCGI sent in stderr: "PHP message: PHP Warning:  mysqli_real_connect(): (HY000/2002): Connection refused in /data/www/wordpress/wp-includes/wp-db.php on line 1487" while reading response header from upstream, client: 192.168.99.1, server: wordpress.test, request: "GET / HTTP/1.1", upstream: "fastcgi://127.0.0.1:9000", host: "docker.dev:8000"

2016-01-06 17:58:53,343 DEBG 'nginx' stderr output:
2016/01/06 17:58:53 [error] 35#0: *3 FastCGI sent in stderr: "PHP message: PHP Warning:  mysqli_real_connect(): (HY000/2002): Connection refused in /data/www/wordpress/wp-includes/wp-db.php on line 1487" while reading response header from upstream, client: 192.168.99.1, server: wordpress.test, request: "GET / HTTP/1.1", upstream: "fastcgi://127.0.0.1:9000", host: "docker.dev:8000"

2016-01-06 18:00:18,613 DEBG 'nginx-reload' stdout output:
/data/conf/nginx/hosts.d/ MOVED_TO wordpress.conf

2016-01-06 18:00:18,644 DEBG 'nginx-reload' stderr output:
nginx: [warn] server name "/data/conf/nginx/conf.d/default-*.conf" has suspicious symbols in /etc/nginx/hosts.d/wordpress.conf:10

2016-01-06 18:00:18,645 DEBG 'nginx-reload' stderr output:
nginx: [warn] server name "/etc/nginx/conf.d/php-location.conf" has suspicious symbols in /data/conf/nginx/hosts.d/wordpress.conf:15

2016-01-06 18:00:18,646 DEBG 'nginx-reload' stderr output:
nginx: [emerg] invalid server name or wildcard "/data/conf/nginx/conf.d/default-*.conf" on 0.0.0.0:80
nginx: configuration file /etc/nginx/nginx.conf test failed

2016-01-06 18:02:16,831 DEBG 'nginx-reload' stdout output:
/data/conf/nginx/hosts.d/ MOVED_TO wordpress.conf

2016-01-06 18:02:16,844 DEBG 'nginx-reload' stderr output:
nginx: [warn] server name "/data/conf/nginx/conf.d/default-*.conf" has suspicious symbols in /etc/nginx/hosts.d/wordpress.conf:10

2016-01-06 18:02:16,844 DEBG 'nginx-reload' stderr output:
nginx: [warn] server name "/etc/nginx/conf.d/php-location.conf" has suspicious symbols in /data/conf/nginx/hosts.d/wordpress.conf:15

2016-01-06 18:02:16,846 DEBG 'nginx-reload' stderr output:
nginx: [emerg] invalid server name or wildcard "/data/conf/nginx/conf.d/default-*.conf" on 0.0.0.0:80
nginx: configuration file /etc/nginx/nginx.conf test failed

2016-01-06 18:02:59,986 DEBG 'nginx-reload' stdout output:
/data/conf/nginx/hosts.d/ MOVED_TO wordpress.conf

2016-01-06 18:03:00,016 DEBG 'nginx-reload' stderr output:
nginx: [warn] server name "/data/conf/nginx/conf.d/default-*.conf" has suspicious symbols in /etc/nginx/hosts.d/wordpress.conf:10

2016-01-06 18:03:00,016 DEBG 'nginx-reload' stderr output:
nginx: [emerg] directive "server_name" is not terminated by ";" in /data/conf/nginx/hosts.d/wordpress.conf:10
nginx: configuration file /etc/nginx/nginx.conf test failed

2016-01-06 18:03:13,241 DEBG 'nginx-reload' stdout output:
/data/conf/nginx/hosts.d/ MOVED_TO wordpress.conf

2016-01-06 18:03:13,273 DEBG 'nginx-reload' stderr output:
nginx: [warn] server name "/data/conf/nginx/conf.d/default-*.conf" has suspicious symbols in /etc/nginx/hosts.d/wordpress.conf:10

2016-01-06 18:03:13,277 DEBG 'nginx-reload' stderr output:
nginx: [emerg] invalid server name or wildcard "/data/conf/nginx/conf.d/default-*.conf" on 0.0.0.0:80

2016-01-06 18:03:13,278 DEBG 'nginx-reload' stderr output:
nginx: configuration file /etc/nginx/nginx.conf test failed

2016-01-06 18:04:42,507 DEBG 'nginx-reload' stdout output:
/data/conf/nginx/hosts.d/ MOVED_TO wordpress.conf

2016-01-06 18:04:42,514 DEBG 'nginx-reload' stderr output:
nginx: [warn] server name "/data/conf/nginx/conf.d/default-*.conf" has suspicious symbols in /etc/nginx/hosts.d/wordpress.conf:10

2016-01-06 18:04:42,544 DEBG 'nginx-reload' stderr output:
nginx: [emerg] invalid server name or wildcard "/data/conf/nginx/conf.d/default-*.conf" on 0.0.0.0:80
nginx: configuration file /etc/nginx/nginx.conf test failed

2016-01-06 18:05:43,418 CRIT Supervisor running as root (no user in config file)
2016-01-06 18:05:43,419 WARN Included extra file "/etc/supervisor.d/nginx.conf" during parsing
2016-01-06 18:05:43,419 WARN Included extra file "/etc/supervisor.d/php-fpm.conf" during parsing
2016-01-06 18:05:43,461 INFO RPC interface 'supervisor' initialized
2016-01-06 18:05:43,466 INFO supervisord started with pid 33
2016-01-06 18:05:44,486 INFO spawned: 'nginx' with pid 36
2016-01-06 18:05:44,489 INFO spawned: 'nginx-reload' with pid 37
2016-01-06 18:05:44,492 INFO spawned: 'php-fpm' with pid 38
2016-01-06 18:05:44,500 DEBG 'nginx' stderr output:
nginx: [warn] server name "/data/conf/nginx/conf.d/default-*.conf" has suspicious symbols in /etc/nginx/hosts.d/wordpress.conf:10

2016-01-06 18:05:44,501 DEBG 'nginx' stderr output:
nginx: [emerg] a duplicate default server for 0.0.0.0:80 in /data/conf/nginx/hosts.d/wordpress.conf:2

2016-01-06 18:05:44,502 DEBG fd 8 closed, stopped monitoring <POutputDispatcher at 36262184 for <Subprocess at 35751984 with name nginx in state STARTING> (stdout)>
2016-01-06 18:05:44,503 DEBG fd 10 closed, stopped monitoring <POutputDispatcher at 36262616 for <Subprocess at 35751984 with name nginx in state STARTING> (stderr)>
2016-01-06 18:05:44,504 INFO exited: nginx (exit status 1; not expected)
2016-01-06 18:05:44,505 DEBG received SIGCLD indicating a child quit
2016-01-06 18:05:44,615 DEBG fd 14 closed, stopped monitoring <POutputDispatcher at 36263264 for <Subprocess at 35752344 with name php-fpm in state STARTING> (stdout)>
2016-01-06 18:05:44,615 DEBG 'php-fpm' stderr output:
[06-Jan-2016 18:05:44] WARNING: Nothing matches the include pattern '/data/conf/php-fpm-www-*.conf' from /etc/php-fpm.d/www.conf at line 19.

2016-01-06 18:05:44,617 DEBG fd 18 closed, stopped monitoring <POutputDispatcher at 36263624 for <Subprocess at 35752344 with name php-fpm in state STARTING> (stderr)>
2016-01-06 18:05:45,619 INFO spawned: 'nginx' with pid 40
2016-01-06 18:05:45,620 INFO success: nginx-reload entered RUNNING state, process has stayed up for > than 1 seconds (startsecs)
2016-01-06 18:05:45,620 INFO success: php-fpm entered RUNNING state, process has stayed up for > than 1 seconds (startsecs)
2016-01-06 18:05:45,630 DEBG 'nginx' stderr output:
nginx: [warn] server name "/data/conf/nginx/conf.d/default-*.conf" has suspicious symbols in /etc/nginx/hosts.d/wordpress.conf:10

2016-01-06 18:05:45,630 DEBG 'nginx' stderr output:
nginx: [emerg] a duplicate default server for 0.0.0.0:80 in /data/conf/nginx/hosts.d/wordpress.conf:2

2016-01-06 18:05:45,631 DEBG fd 8 closed, stopped monitoring <POutputDispatcher at 36262616 for <Subprocess at 35751984 with name nginx in state STARTING> (stdout)>
2016-01-06 18:05:45,631 DEBG fd 17 closed, stopped monitoring <POutputDispatcher at 36263480 for <Subprocess at 35751984 with name nginx in state STARTING> (stderr)>
2016-01-06 18:05:45,631 INFO exited: nginx (exit status 1; not expected)
2016-01-06 18:05:45,632 DEBG received SIGCLD indicating a child quit
2016-01-06 18:05:47,636 INFO spawned: 'nginx' with pid 41
2016-01-06 18:05:47,644 DEBG 'nginx' stderr output:
nginx: [warn] server name "/data/conf/nginx/conf.d/default-*.conf" has suspicious symbols in /etc/nginx/hosts.d/wordpress.conf:10

2016-01-06 18:05:47,644 DEBG 'nginx' stderr output:
nginx: [emerg] a duplicate default server for 0.0.0.0:80 in /data/conf/nginx/hosts.d/wordpress.conf:2

2016-01-06 18:05:47,645 DEBG fd 8 closed, stopped monitoring <POutputDispatcher at 36263480 for <Subprocess at 35751984 with name nginx in state STARTING> (stdout)>
2016-01-06 18:05:47,645 DEBG fd 17 closed, stopped monitoring <POutputDispatcher at 36263912 for <Subprocess at 35751984 with name nginx in state STARTING> (stderr)>
2016-01-06 18:05:47,646 INFO exited: nginx (exit status 1; not expected)
2016-01-06 18:05:47,646 DEBG received SIGCLD indicating a child quit
2016-01-06 18:05:50,651 INFO spawned: 'nginx' with pid 42
2016-01-06 18:05:50,659 DEBG 'nginx' stderr output:
nginx: [warn] server name "/data/conf/nginx/conf.d/default-*.conf" has suspicious symbols in /etc/nginx/hosts.d/wordpress.conf:10

2016-01-06 18:05:50,660 DEBG 'nginx' stderr output:
nginx: [emerg] a duplicate default server for 0.0.0.0:80 in /data/conf/nginx/hosts.d/wordpress.conf:2

2016-01-06 18:05:50,661 DEBG fd 8 closed, stopped monitoring <POutputDispatcher at 36263912 for <Subprocess at 35751984 with name nginx in state STARTING> (stdout)>
2016-01-06 18:05:50,661 DEBG fd 17 closed, stopped monitoring <POutputDispatcher at 36264128 for <Subprocess at 35751984 with name nginx in state STARTING> (stderr)>
2016-01-06 18:05:50,662 INFO exited: nginx (exit status 1; not expected)
2016-01-06 18:05:50,662 DEBG received SIGCLD indicating a child quit
2016-01-06 18:05:51,664 INFO gave up: nginx entered FATAL state, too many start retries too quickly
2016-01-06 18:05:59,836 DEBG 'nginx-reload' stdout output:
/data/conf/nginx/hosts.d/ MOVED_TO wordpress.conf

2016-01-06 18:05:59,842 DEBG 'nginx-reload' stderr output:
nginx: [warn] server name "/data/conf/nginx/conf.d/default-*.conf" has suspicious symbols in /etc/nginx/hosts.d/wordpress.conf:10

2016-01-06 18:05:59,844 DEBG 'nginx-reload' stderr output:
nginx: [emerg] invalid server name or wildcard "/data/conf/nginx/conf.d/default-*.conf" on 0.0.0.0:80
nginx: configuration file /etc/nginx/nginx.conf test failed

2016-01-06 18:06:22,888 CRIT Supervisor running as root (no user in config file)
2016-01-06 18:06:22,888 WARN Included extra file "/etc/supervisor.d/nginx.conf" during parsing
2016-01-06 18:06:22,888 WARN Included extra file "/etc/supervisor.d/php-fpm.conf" during parsing
2016-01-06 18:06:22,935 INFO RPC interface 'supervisor' initialized
2016-01-06 18:06:22,936 INFO supervisord started with pid 33
2016-01-06 18:06:23,941 INFO spawned: 'nginx' with pid 36
2016-01-06 18:06:23,944 INFO spawned: 'nginx-reload' with pid 37
2016-01-06 18:06:23,947 INFO spawned: 'php-fpm' with pid 38
2016-01-06 18:06:23,953 DEBG 'nginx' stderr output:
nginx: [warn] server name "/data/conf/nginx/conf.d/default-*.conf" has suspicious symbols in /etc/nginx/hosts.d/wordpress.conf:10

2016-01-06 18:06:23,955 DEBG 'nginx' stderr output:
nginx: [emerg] invalid server name or wildcard "/data/conf/nginx/conf.d/default-*.conf" on 0.0.0.0:80

2016-01-06 18:06:23,956 DEBG fd 8 closed, stopped monitoring <POutputDispatcher at 12824872 for <Subprocess at 12314672 with name nginx in state STARTING> (stdout)>
2016-01-06 18:06:23,957 DEBG fd 10 closed, stopped monitoring <POutputDispatcher at 12825304 for <Subprocess at 12314672 with name nginx in state STARTING> (stderr)>
2016-01-06 18:06:23,958 INFO exited: nginx (exit status 1; not expected)
2016-01-06 18:06:23,958 DEBG received SIGCLD indicating a child quit
2016-01-06 18:06:24,095 DEBG 'php-fpm' stderr output:
[06-Jan-2016 18:06:24] WARNING: Nothing matches the include pattern '/data/conf/php-fpm-www-*.conf' from /etc/php-fpm.d/www.conf at line 19.

2016-01-06 18:06:24,095 DEBG fd 14 closed, stopped monitoring <POutputDispatcher at 12825952 for <Subprocess at 12315032 with name php-fpm in state STARTING> (stdout)>
2016-01-06 18:06:24,098 DEBG fd 18 closed, stopped monitoring <POutputDispatcher at 12826312 for <Subprocess at 12315032 with name php-fpm in state STARTING> (stderr)>
2016-01-06 18:06:25,104 INFO spawned: 'nginx' with pid 40
2016-01-06 18:06:25,106 INFO success: nginx-reload entered RUNNING state, process has stayed up for > than 1 seconds (startsecs)
2016-01-06 18:06:25,107 INFO success: php-fpm entered RUNNING state, process has stayed up for > than 1 seconds (startsecs)
2016-01-06 18:06:25,122 DEBG 'nginx' stderr output:
nginx: [warn] server name "/data/conf/nginx/conf.d/default-*.conf" has suspicious symbols in /etc/nginx/hosts.d/wordpress.conf:10

2016-01-06 18:06:25,124 DEBG 'nginx' stderr output:
nginx: [emerg] invalid server name or wildcard "/data/conf/nginx/conf.d/default-*.conf" on 0.0.0.0:80

2016-01-06 18:06:25,126 DEBG fd 8 closed, stopped monitoring <POutputDispatcher at 12825304 for <Subprocess at 12314672 with name nginx in state STARTING> (stdout)>
2016-01-06 18:06:25,126 DEBG fd 17 closed, stopped monitoring <POutputDispatcher at 12826672 for <Subprocess at 12314672 with name nginx in state STARTING> (stderr)>
2016-01-06 18:06:25,127 INFO exited: nginx (exit status 1; not expected)
2016-01-06 18:06:25,127 DEBG received SIGCLD indicating a child quit
2016-01-06 18:06:27,131 INFO spawned: 'nginx' with pid 41
2016-01-06 18:06:27,143 DEBG 'nginx' stderr output:
nginx: [warn] server name "/data/conf/nginx/conf.d/default-*.conf" has suspicious symbols in /etc/nginx/hosts.d/wordpress.conf:10

2016-01-06 18:06:27,146 DEBG 'nginx' stderr output:
nginx: [emerg] invalid server name or wildcard "/data/conf/nginx/conf.d/default-*.conf" on 0.0.0.0:80

2016-01-06 18:06:27,148 DEBG fd 8 closed, stopped monitoring <POutputDispatcher at 12826672 for <Subprocess at 12314672 with name nginx in state STARTING> (stdout)>
2016-01-06 18:06:27,148 DEBG fd 17 closed, stopped monitoring <POutputDispatcher at 12826600 for <Subprocess at 12314672 with name nginx in state STARTING> (stderr)>
2016-01-06 18:06:27,149 INFO exited: nginx (exit status 1; not expected)
2016-01-06 18:06:27,150 DEBG received SIGCLD indicating a child quit
2016-01-06 18:06:30,187 INFO spawned: 'nginx' with pid 42
2016-01-06 18:06:30,241 DEBG 'nginx' stderr output:
nginx: [warn] server name "/data/conf/nginx/conf.d/default-*.conf" has suspicious symbols in /etc/nginx/hosts.d/wordpress.conf:10

2016-01-06 18:06:30,244 DEBG 'nginx' stderr output:
nginx: [emerg] invalid server name or wildcard "/data/conf/nginx/conf.d/default-*.conf" on 0.0.0.0:80

2016-01-06 18:06:30,246 DEBG fd 8 closed, stopped monitoring <POutputDispatcher at 12826600 for <Subprocess at 12314672 with name nginx in state STARTING> (stdout)>
2016-01-06 18:06:30,246 DEBG fd 17 closed, stopped monitoring <POutputDispatcher at 12826816 for <Subprocess at 12314672 with name nginx in state STARTING> (stderr)>
2016-01-06 18:06:30,247 INFO exited: nginx (exit status 1; not expected)
2016-01-06 18:06:30,247 DEBG received SIGCLD indicating a child quit
2016-01-06 18:06:31,249 INFO gave up: nginx entered FATAL state, too many start retries too quickly
2016-01-06 18:07:50,120 DEBG 'nginx-reload' stdout output:
/data/conf/nginx/hosts.d/ MOVED_TO wordpress.conf

2016-01-06 18:07:50,130 DEBG 'nginx-reload' stderr output:
nginx: [warn] server name "/data/conf/nginx/conf.d/default-*.conf" has suspicious symbols in /etc/nginx/hosts.d/wordpress.conf:10

2016-01-06 18:07:50,136 DEBG 'nginx-reload' stderr output:
nginx: [emerg] invalid server name or wildcard "/data/conf/nginx/conf.d/default-*.conf" on 0.0.0.0:80
nginx: configuration file /etc/nginx/nginx.conf test failed

2016-01-06 18:11:04,465 CRIT Supervisor running as root (no user in config file)
2016-01-06 18:11:04,466 WARN Included extra file "/etc/supervisor.d/nginx.conf" during parsing
2016-01-06 18:11:04,466 WARN Included extra file "/etc/supervisor.d/php-fpm.conf" during parsing
2016-01-06 18:11:04,486 INFO RPC interface 'supervisor' initialized
2016-01-06 18:11:04,488 INFO supervisord started with pid 33
2016-01-06 18:11:05,491 INFO spawned: 'nginx' with pid 36
2016-01-06 18:11:05,493 INFO spawned: 'nginx-reload' with pid 37
2016-01-06 18:11:05,495 INFO spawned: 'php-fpm' with pid 38
2016-01-06 18:11:05,527 DEBG 'nginx' stderr output:
nginx: [warn] server name "/data/conf/nginx/conf.d/default-*.conf" has suspicious symbols in /etc/nginx/hosts.d/wordpress.conf:10

2016-01-06 18:11:05,529 DEBG 'nginx' stderr output:
nginx: [emerg] invalid server name or wildcard "/data/conf/nginx/conf.d/default-*.conf" on 0.0.0.0:80

2016-01-06 18:11:05,530 DEBG fd 8 closed, stopped monitoring <POutputDispatcher at 139833982951720 for <Subprocess at 139833983141792 with name nginx in state STARTING> (stdout)>
2016-01-06 18:11:05,531 DEBG fd 10 closed, stopped monitoring <POutputDispatcher at 139833982952152 for <Subprocess at 139833983141792 with name nginx in state STARTING> (stderr)>
2016-01-06 18:11:05,531 INFO exited: nginx (exit status 1; not expected)
2016-01-06 18:11:05,531 DEBG received SIGCLD indicating a child quit
2016-01-06 18:11:05,594 DEBG fd 14 closed, stopped monitoring <POutputDispatcher at 139833982952800 for <Subprocess at 139833983142152 with name php-fpm in state STARTING> (stdout)>
2016-01-06 18:11:05,601 DEBG 'php-fpm' stderr output:
[06-Jan-2016 18:11:05] WARNING: Nothing matches the include pattern '/data/conf/php-fpm-www-*.conf' from /etc/php-fpm.d/www.conf at line 19.

2016-01-06 18:11:05,603 DEBG fd 18 closed, stopped monitoring <POutputDispatcher at 139833982953160 for <Subprocess at 139833983142152 with name php-fpm in state STARTING> (stderr)>
2016-01-06 18:11:06,606 INFO spawned: 'nginx' with pid 40
2016-01-06 18:11:06,607 INFO success: nginx-reload entered RUNNING state, process has stayed up for > than 1 seconds (startsecs)
2016-01-06 18:11:06,607 INFO success: php-fpm entered RUNNING state, process has stayed up for > than 1 seconds (startsecs)
2016-01-06 18:11:06,615 DEBG 'nginx' stderr output:
nginx: [warn] server name "/data/conf/nginx/conf.d/default-*.conf" has suspicious symbols in /etc/nginx/hosts.d/wordpress.conf:10

2016-01-06 18:11:06,619 DEBG 'nginx' stderr output:
nginx: [emerg] invalid server name or wildcard "/data/conf/nginx/conf.d/default-*.conf" on 0.0.0.0:80

2016-01-06 18:11:06,621 DEBG fd 8 closed, stopped monitoring <POutputDispatcher at 139833982952152 for <Subprocess at 139833983141792 with name nginx in state STARTING> (stdout)>
2016-01-06 18:11:06,621 DEBG fd 17 closed, stopped monitoring <POutputDispatcher at 139833982953520 for <Subprocess at 139833983141792 with name nginx in state STARTING> (stderr)>
2016-01-06 18:11:06,622 INFO exited: nginx (exit status 1; not expected)
2016-01-06 18:11:06,622 DEBG received SIGCLD indicating a child quit
2016-01-06 18:11:08,626 INFO spawned: 'nginx' with pid 41
2016-01-06 18:11:08,700 DEBG 'nginx' stderr output:
nginx: [warn] server name "/data/conf/nginx/conf.d/default-*.conf" has suspicious symbols in /etc/nginx/hosts.d/wordpress.conf:10

2016-01-06 18:11:08,703 DEBG 'nginx' stderr output:
nginx: [emerg] invalid server name or wildcard "/data/conf/nginx/conf.d/default-*.conf" on 0.0.0.0:80

2016-01-06 18:11:08,704 DEBG fd 8 closed, stopped monitoring <POutputDispatcher at 139833982953520 for <Subprocess at 139833983141792 with name nginx in state STARTING> (stdout)>
2016-01-06 18:11:08,705 DEBG fd 17 closed, stopped monitoring <POutputDispatcher at 139833982953448 for <Subprocess at 139833983141792 with name nginx in state STARTING> (stderr)>
2016-01-06 18:11:08,706 INFO exited: nginx (exit status 1; not expected)
2016-01-06 18:11:08,707 DEBG received SIGCLD indicating a child quit
2016-01-06 18:11:11,718 INFO spawned: 'nginx' with pid 42
2016-01-06 18:11:11,754 DEBG 'nginx' stderr output:
nginx: [warn] server name "/data/conf/nginx/conf.d/default-*.conf" has suspicious symbols in /etc/nginx/hosts.d/wordpress.conf:10

2016-01-06 18:11:11,756 DEBG 'nginx' stderr output:
nginx: [emerg] invalid server name or wildcard "/data/conf/nginx/conf.d/default-*.conf" on 0.0.0.0:80

2016-01-06 18:11:11,757 DEBG fd 8 closed, stopped monitoring <POutputDispatcher at 139833982953448 for <Subprocess at 139833983141792 with name nginx in state STARTING> (stdout)>
2016-01-06 18:11:11,757 DEBG fd 17 closed, stopped monitoring <POutputDispatcher at 139833982953664 for <Subprocess at 139833983141792 with name nginx in state STARTING> (stderr)>
2016-01-06 18:11:11,758 INFO exited: nginx (exit status 1; not expected)
2016-01-06 18:11:11,758 DEBG received SIGCLD indicating a child quit
2016-01-06 18:11:12,760 INFO gave up: nginx entered FATAL state, too many start retries too quickly
2016-01-06 18:12:59,621 CRIT Supervisor running as root (no user in config file)
2016-01-06 18:12:59,622 WARN Included extra file "/etc/supervisor.d/nginx.conf" during parsing
2016-01-06 18:12:59,622 WARN Included extra file "/etc/supervisor.d/php-fpm.conf" during parsing
2016-01-06 18:12:59,633 INFO RPC interface 'supervisor' initialized
2016-01-06 18:12:59,634 INFO supervisord started with pid 34
2016-01-06 18:13:00,646 INFO spawned: 'nginx' with pid 37
2016-01-06 18:13:00,650 INFO spawned: 'nginx-reload' with pid 38
2016-01-06 18:13:00,652 INFO spawned: 'php-fpm' with pid 39
2016-01-06 18:13:00,692 DEBG 'nginx' stderr output:
nginx: [warn] server name "/data/conf/nginx/conf.d/default-*.conf" has suspicious symbols in /etc/nginx/hosts.d/wordpress.conf:10

2016-01-06 18:13:00,695 DEBG 'nginx' stderr output:
nginx: [emerg] invalid server name or wildcard "/data/conf/nginx/conf.d/default-*.conf" on 0.0.0.0:80

2016-01-06 18:13:00,697 DEBG fd 8 closed, stopped monitoring <POutputDispatcher at 139872107749672 for <Subprocess at 139872107939744 with name nginx in state STARTING> (stdout)>
2016-01-06 18:13:00,697 DEBG fd 10 closed, stopped monitoring <POutputDispatcher at 139872107750104 for <Subprocess at 139872107939744 with name nginx in state STARTING> (stderr)>
2016-01-06 18:13:00,698 INFO exited: nginx (exit status 1; not expected)
2016-01-06 18:13:00,698 DEBG received SIGCLD indicating a child quit
2016-01-06 18:13:00,832 DEBG fd 14 closed, stopped monitoring <POutputDispatcher at 139872107750752 for <Subprocess at 139872107940104 with name php-fpm in state STARTING> (stdout)>
2016-01-06 18:13:00,833 DEBG 'php-fpm' stderr output:
[06-Jan-2016 18:13:00] WARNING: Nothing matches the include pattern '/data/conf/php-fpm-www-*.conf' from /etc/php-fpm.d/www.conf at line 19.

2016-01-06 18:13:00,835 DEBG fd 18 closed, stopped monitoring <POutputDispatcher at 139872107751112 for <Subprocess at 139872107940104 with name php-fpm in state STARTING> (stderr)>
2016-01-06 18:13:01,837 INFO spawned: 'nginx' with pid 41
2016-01-06 18:13:01,838 INFO success: nginx-reload entered RUNNING state, process has stayed up for > than 1 seconds (startsecs)
2016-01-06 18:13:01,838 INFO success: php-fpm entered RUNNING state, process has stayed up for > than 1 seconds (startsecs)
2016-01-06 18:13:01,847 DEBG 'nginx' stderr output:
nginx: [warn] server name "/data/conf/nginx/conf.d/default-*.conf" has suspicious symbols in /etc/nginx/hosts.d/wordpress.conf:10

2016-01-06 18:13:01,849 DEBG 'nginx' stderr output:
nginx: [emerg] invalid server name or wildcard "/data/conf/nginx/conf.d/default-*.conf" on 0.0.0.0:80

2016-01-06 18:13:01,850 DEBG fd 8 closed, stopped monitoring <POutputDispatcher at 139872107750104 for <Subprocess at 139872107939744 with name nginx in state STARTING> (stdout)>
2016-01-06 18:13:01,851 DEBG fd 17 closed, stopped monitoring <POutputDispatcher at 139872107751472 for <Subprocess at 139872107939744 with name nginx in state STARTING> (stderr)>
2016-01-06 18:13:01,851 INFO exited: nginx (exit status 1; not expected)
2016-01-06 18:13:01,851 DEBG received SIGCLD indicating a child quit
2016-01-06 18:13:03,857 INFO spawned: 'nginx' with pid 42
2016-01-06 18:13:03,864 DEBG 'nginx' stderr output:
nginx: [warn] server name "/data/conf/nginx/conf.d/default-*.conf" has suspicious symbols in /etc/nginx/hosts.d/wordpress.conf:10

2016-01-06 18:13:03,866 DEBG 'nginx' stderr output:
nginx: [emerg] invalid server name or wildcard "/data/conf/nginx/conf.d/default-*.conf" on 0.0.0.0:80

2016-01-06 18:13:03,867 DEBG fd 8 closed, stopped monitoring <POutputDispatcher at 139872107751472 for <Subprocess at 139872107939744 with name nginx in state STARTING> (stdout)>
2016-01-06 18:13:03,868 DEBG fd 17 closed, stopped monitoring <POutputDispatcher at 139872107751400 for <Subprocess at 139872107939744 with name nginx in state STARTING> (stderr)>
2016-01-06 18:13:03,868 INFO exited: nginx (exit status 1; not expected)
2016-01-06 18:13:03,868 DEBG received SIGCLD indicating a child quit
2016-01-06 18:13:06,872 INFO spawned: 'nginx' with pid 43
2016-01-06 18:13:06,882 DEBG 'nginx' stderr output:
nginx: [warn] server name "/data/conf/nginx/conf.d/default-*.conf" has suspicious symbols in /etc/nginx/hosts.d/wordpress.conf:10

2016-01-06 18:13:06,883 DEBG 'nginx' stderr output:
nginx: [emerg] invalid server name or wildcard "/data/conf/nginx/conf.d/default-*.conf" on 0.0.0.0:80

2016-01-06 18:13:06,885 DEBG fd 8 closed, stopped monitoring <POutputDispatcher at 139872107751400 for <Subprocess at 139872107939744 with name nginx in state STARTING> (stdout)>
2016-01-06 18:13:06,885 DEBG fd 17 closed, stopped monitoring <POutputDispatcher at 139872107751616 for <Subprocess at 139872107939744 with name nginx in state STARTING> (stderr)>
2016-01-06 18:13:06,886 INFO exited: nginx (exit status 1; not expected)
2016-01-06 18:13:06,886 DEBG received SIGCLD indicating a child quit
2016-01-06 18:13:07,888 INFO gave up: nginx entered FATAL state, too many start retries too quickly
2016-01-06 18:17:14,378 CRIT Supervisor running as root (no user in config file)
2016-01-06 18:17:14,378 WARN Included extra file "/etc/supervisor.d/nginx.conf" during parsing
2016-01-06 18:17:14,379 WARN Included extra file "/etc/supervisor.d/php-fpm.conf" during parsing
2016-01-06 18:17:14,391 INFO RPC interface 'supervisor' initialized
2016-01-06 18:17:14,392 INFO supervisord started with pid 33
2016-01-06 18:17:15,394 INFO spawned: 'nginx' with pid 36
2016-01-06 18:17:15,397 INFO spawned: 'nginx-reload' with pid 37
2016-01-06 18:17:15,400 INFO spawned: 'php-fpm' with pid 38
2016-01-06 18:17:15,412 DEBG 'nginx' stderr output:
nginx: [warn] server name "/data/conf/nginx/conf.d/default-*.conf" has suspicious symbols in /etc/nginx/hosts.d/wordpress (copy: conflict on 2016-01-06).conf:10

2016-01-06 18:17:15,414 DEBG 'nginx' stderr output:
nginx: [emerg] invalid server name or wildcard "/data/conf/nginx/conf.d/default-*.conf" on 0.0.0.0:80

2016-01-06 18:17:15,415 DEBG fd 8 closed, stopped monitoring <POutputDispatcher at 20578744 for <Subprocess at 20064880 with name nginx in state STARTING> (stdout)>
2016-01-06 18:17:15,416 DEBG fd 10 closed, stopped monitoring <POutputDispatcher at 20579176 for <Subprocess at 20064880 with name nginx in state STARTING> (stderr)>
2016-01-06 18:17:15,416 INFO exited: nginx (exit status 1; not expected)
2016-01-06 18:17:15,416 DEBG received SIGCLD indicating a child quit
2016-01-06 18:17:15,456 DEBG fd 14 closed, stopped monitoring <POutputDispatcher at 20579824 for <Subprocess at 20065240 with name php-fpm in state STARTING> (stdout)>
2016-01-06 18:17:15,456 DEBG 'php-fpm' stderr output:
[06-Jan-2016 18:17:15] WARNING: Nothing matches the include pattern '/data/conf/php-fpm-www-*.conf' from /etc/php-fpm.d/www.conf at line 19.

2016-01-06 18:17:15,458 DEBG fd 18 closed, stopped monitoring <POutputDispatcher at 20580184 for <Subprocess at 20065240 with name php-fpm in state STARTING> (stderr)>
2016-01-06 18:17:16,460 INFO spawned: 'nginx' with pid 40
2016-01-06 18:17:16,462 INFO success: nginx-reload entered RUNNING state, process has stayed up for > than 1 seconds (startsecs)
2016-01-06 18:17:16,462 INFO success: php-fpm entered RUNNING state, process has stayed up for > than 1 seconds (startsecs)
2016-01-06 18:17:16,470 DEBG 'nginx' stderr output:
nginx: [warn] server name "/data/conf/nginx/conf.d/default-*.conf" has suspicious symbols in /etc/nginx/hosts.d/wordpress (copy: conflict on 2016-01-06).conf:10

2016-01-06 18:17:16,472 DEBG 'nginx' stderr output:
nginx: [emerg] invalid server name or wildcard "/data/conf/nginx/conf.d/default-*.conf" on 0.0.0.0:80

2016-01-06 18:17:16,473 DEBG fd 8 closed, stopped monitoring <POutputDispatcher at 20579176 for <Subprocess at 20064880 with name nginx in state STARTING> (stdout)>
2016-01-06 18:17:16,473 DEBG fd 17 closed, stopped monitoring <POutputDispatcher at 20580544 for <Subprocess at 20064880 with name nginx in state STARTING> (stderr)>
2016-01-06 18:17:16,474 INFO exited: nginx (exit status 1; not expected)
2016-01-06 18:17:16,474 DEBG received SIGCLD indicating a child quit
2016-01-06 18:17:18,479 INFO spawned: 'nginx' with pid 41
2016-01-06 18:17:18,490 DEBG 'nginx' stderr output:
nginx: [warn] server name "/data/conf/nginx/conf.d/default-*.conf" has suspicious symbols in /etc/nginx/hosts.d/wordpress (copy: conflict on 2016-01-06).conf:10

2016-01-06 18:17:18,492 DEBG 'nginx' stderr output:
nginx: [emerg] invalid server name or wildcard "/data/conf/nginx/conf.d/default-*.conf" on 0.0.0.0:80

2016-01-06 18:17:18,493 DEBG fd 8 closed, stopped monitoring <POutputDispatcher at 20580544 for <Subprocess at 20064880 with name nginx in state STARTING> (stdout)>
2016-01-06 18:17:18,494 DEBG fd 17 closed, stopped monitoring <POutputDispatcher at 20580472 for <Subprocess at 20064880 with name nginx in state STARTING> (stderr)>
2016-01-06 18:17:18,495 INFO exited: nginx (exit status 1; not expected)
2016-01-06 18:17:18,496 DEBG received SIGCLD indicating a child quit
2016-01-06 18:17:21,503 INFO spawned: 'nginx' with pid 42
2016-01-06 18:17:21,511 DEBG 'nginx' stderr output:
nginx: [warn] server name "/data/conf/nginx/conf.d/default-*.conf" has suspicious symbols in /etc/nginx/hosts.d/wordpress (copy: conflict on 2016-01-06).conf:10

2016-01-06 18:17:21,513 DEBG 'nginx' stderr output:
nginx: [emerg] invalid server name or wildcard "/data/conf/nginx/conf.d/default-*.conf" on 0.0.0.0:80

2016-01-06 18:17:21,514 DEBG fd 8 closed, stopped monitoring <POutputDispatcher at 20580472 for <Subprocess at 20064880 with name nginx in state STARTING> (stdout)>
2016-01-06 18:17:21,514 DEBG fd 17 closed, stopped monitoring <POutputDispatcher at 20580688 for <Subprocess at 20064880 with name nginx in state STARTING> (stderr)>
2016-01-06 18:17:21,515 INFO exited: nginx (exit status 1; not expected)
2016-01-06 18:17:21,515 DEBG received SIGCLD indicating a child quit
2016-01-06 18:17:22,516 INFO gave up: nginx entered FATAL state, too many start retries too quickly
2016-01-06 18:18:24,889 DEBG 'nginx-reload' stdout output:
/etc/nginx/hosts.d/ DELETE wordpress (copy: conflict on 2016-01-06).conf

2016-01-06 18:18:24,899 DEBG 'nginx-reload' stderr output:
nginx: [warn] conflicting server name "wordpress.test" on 0.0.0.0:80, ignored
nginx: [warn] conflicting server name "wordpress.dev" on 0.0.0.0:80, ignored
nginx: the configuration file /etc/nginx/nginx.conf syntax is ok

2016-01-06 18:18:24,902 DEBG 'nginx-reload' stderr output:
nginx: configuration file /etc/nginx/nginx.conf test is successful

2016-01-06 18:18:24,911 DEBG 'nginx-reload' stderr output:
nginx: [warn] conflicting server name "wordpress.test" on 0.0.0.0:80, ignored

2016-01-06 18:18:24,913 DEBG 'nginx-reload' stderr output:
nginx: [warn] conflicting server name "wordpress.dev" on 0.0.0.0:80, ignored

2016-01-06 18:18:24,915 DEBG 'nginx-reload' stderr output:
nginx: [error] invalid PID number "" in "/var/run/nginx.pid"

2016-01-06 18:18:56,985 DEBG 'nginx-reload' stdout output:
/etc/nginx/hosts.d/ MOVED_TO wordpress.conf

2016-01-06 18:18:56,994 DEBG 'nginx-reload' stderr output:
nginx: [warn] conflicting server name "wordpress.test" on 0.0.0.0:80, ignored
nginx: the configuration file /etc/nginx/nginx.conf syntax is ok

2016-01-06 18:18:56,994 DEBG 'nginx-reload' stderr output:
nginx: configuration file /etc/nginx/nginx.conf test is successful

2016-01-06 18:18:57,001 DEBG 'nginx-reload' stderr output:
nginx: [warn] conflicting server name "wordpress.test" on 0.0.0.0:80, ignored

2016-01-06 18:18:57,001 DEBG 'nginx-reload' stderr output:
nginx: [error] invalid PID number "" in "/var/run/nginx.pid"

2016-01-06 18:19:28,425 CRIT Supervisor running as root (no user in config file)
2016-01-06 18:19:28,425 WARN Included extra file "/etc/supervisor.d/nginx.conf" during parsing
2016-01-06 18:19:28,426 WARN Included extra file "/etc/supervisor.d/php-fpm.conf" during parsing
2016-01-06 18:19:28,436 INFO RPC interface 'supervisor' initialized
2016-01-06 18:19:28,437 INFO supervisord started with pid 34
2016-01-06 18:19:29,444 INFO spawned: 'nginx' with pid 37
2016-01-06 18:19:29,449 INFO spawned: 'nginx-reload' with pid 38
2016-01-06 18:19:29,451 INFO spawned: 'php-fpm' with pid 39
2016-01-06 18:19:29,461 DEBG 'nginx' stderr output:
nginx: [warn] conflicting server name "wordpress.test" on 0.0.0.0:80, ignored

2016-01-06 18:19:29,466 DEBG 'nginx' stderr output:
2016/01/06 18:19:29 [notice] 37#0: using the "epoll" event method

2016-01-06 18:19:29,467 DEBG 'nginx' stderr output:
2016/01/06 18:19:29 [notice] 37#0: nginx/1.8.0

2016-01-06 18:19:29,467 DEBG 'nginx' stderr output:
2016/01/06 18:19:29 [notice] 37#0: built by gcc 4.8.2 20140120 (Red Hat 4.8.2-16) (GCC) 

2016-01-06 18:19:29,467 DEBG 'nginx' stderr output:
2016/01/06 18:19:29 [notice] 37#0: OS: Linux 4.1.12-boot2docker

2016-01-06 18:19:29,467 DEBG 'nginx' stderr output:
2016/01/06 18:19:29 [notice] 37#0: getrlimit(RLIMIT_NOFILE): 1048576:1048576

2016-01-06 18:19:29,468 DEBG 'nginx' stderr output:
2016/01/06 18:19:29 [notice] 37#0: start worker processes

2016-01-06 18:19:29,469 DEBG 'nginx' stderr output:
2016/01/06 18:19:29 [notice] 37#0: start worker process 41

2016-01-06 18:19:29,474 DEBG 'nginx' stderr output:
2016/01/06 18:19:29 [notice] 37#0: start worker process 42
2016/01/06 18:19:29 [notice] 37#0: start worker process 43
2016/01/06 18:19:29 [notice] 37#0: start worker process 44

2016-01-06 18:19:29,530 DEBG fd 14 closed, stopped monitoring <POutputDispatcher at 20620784 for <Subprocess at 20106200 with name php-fpm in state STARTING> (stdout)>
2016-01-06 18:19:29,530 DEBG 'php-fpm' stderr output:
[06-Jan-2016 18:19:29] WARNING: Nothing matches the include pattern '/data/conf/php-fpm-www-*.conf' from /etc/php-fpm.d/www.conf at line 19.

2016-01-06 18:19:29,532 DEBG fd 18 closed, stopped monitoring <POutputDispatcher at 20621144 for <Subprocess at 20106200 with name php-fpm in state STARTING> (stderr)>
2016-01-06 18:19:30,532 INFO success: nginx entered RUNNING state, process has stayed up for > than 1 seconds (startsecs)
2016-01-06 18:19:30,532 INFO success: nginx-reload entered RUNNING state, process has stayed up for > than 1 seconds (startsecs)
2016-01-06 18:19:30,533 INFO success: php-fpm entered RUNNING state, process has stayed up for > than 1 seconds (startsecs)
2016-01-06 18:22:13,888 DEBG 'nginx-reload' stdout output:
/etc/nginx/hosts.d/ MOVED_TO wordpress.conf

2016-01-06 18:22:13,932 DEBG 'nginx-reload' stderr output:
nginx: [warn] conflicting server name "wordpress.test" on 0.0.0.0:80, ignored

2016-01-06 18:22:13,934 DEBG 'nginx-reload' stderr output:
nginx: the configuration file /etc/nginx/nginx.conf syntax is ok

2016-01-06 18:22:13,935 DEBG 'nginx-reload' stderr output:
nginx: configuration file /etc/nginx/nginx.conf test is successful

2016-01-06 18:22:13,946 DEBG 'nginx-reload' stderr output:
nginx: [warn] conflicting server name "wordpress.test" on 0.0.0.0:80, ignored

2016-01-06 18:22:13,954 DEBG 'nginx' stderr output:
2016/01/06 18:22:13 [notice] 37#0: signal 1 (SIGHUP) received, reconfiguring
2016/01/06 18:22:13 [notice] 37#0: reconfiguring
2016/01/06 18:22:13 [warn] 37#0: conflicting server name "wordpress.test" on 0.0.0.0:80, ignored
2016/01/06 18:22:13 [notice] 37#0: using the "epoll" event method
2016/01/06 18:22:13 [notice] 37#0: start worker processes
2016/01/06 18:22:13 [notice] 37#0: start worker process 50

2016-01-06 18:22:13,957 DEBG 'nginx' stderr output:
2016/01/06 18:22:13 [notice] 37#0: start worker process 52
2016/01/06 18:22:13 [notice] 37#0: start worker process 53
2016/01/06 18:22:13 [notice] 37#0: start worker process 54

2016-01-06 18:22:14,058 DEBG 'nginx' stderr output:
2016/01/06 18:22:14 [notice] 44#0: gracefully shutting down
2016/01/06 18:22:14 [notice] 42#0: gracefully shutting down
2016/01/06 18:22:14 [notice] 42#0: exiting
2016/01/06 18:22:14 [notice] 44#0: exiting
2016/01/06 18:22:14 [notice] 42#0: exit
2016/01/06 18:22:14 [notice] 44#0: exit
2016/01/06 18:22:14 [notice] 43#0: gracefully shutting down
2016/01/06 18:22:14 [notice] 41#0: gracefully shutting down
2016/01/06 18:22:14 [notice] 43#0: exiting
2016/01/06 18:22:14 [notice] 41#0: exiting
2016/01/06 18:22:14 [notice] 43#0: exit
2016/01/06 18:22:14 [notice] 41#0: exit

2016-01-06 18:22:14,128 DEBG 'nginx' stderr output:
2016/01/06 18:22:14 [notice] 37#0: signal 17 (SIGCHLD) received
2016/01/06 18:22:14 [notice] 37#0: worker process 41 exited with code 0
2016/01/06 18:22:14 [notice] 37#0: signal 29 (SIGIO) received

2016-01-06 18:22:14,128 DEBG 'nginx' stderr output:
2016/01/06 18:22:14 [notice] 37#0: signal 17 (SIGCHLD) received
2016/01/06 18:22:14 [notice] 37#0: worker process 42 exited with code 0
2016/01/06 18:22:14 [notice] 37#0: signal 29 (SIGIO) received

2016-01-06 18:22:14,158 DEBG 'nginx' stderr output:
2016/01/06 18:22:14 [notice] 37#0: signal 17 (SIGCHLD) received
2016/01/06 18:22:14 [notice] 37#0: worker process 43 exited with code 0
2016/01/06 18:22:14 [notice] 37#0: signal 29 (SIGIO) received
2016/01/06 18:22:14 [notice] 37#0: signal 17 (SIGCHLD) received
2016/01/06 18:22:14 [notice] 37#0: worker process 44 exited with code 0

2016-01-06 18:22:14,159 DEBG 'nginx' stderr output:
2016/01/06 18:22:14 [notice] 37#0: signal 29 (SIGIO) received

2016-01-06 18:22:52,029 DEBG 'nginx-reload' stdout output:
/data/conf/nginx/hosts.d/ DELETE wordpress.conf

2016-01-06 18:22:52,040 DEBG 'nginx-reload' stderr output:
nginx: the configuration file /etc/nginx/nginx.conf syntax is ok
nginx: configuration file /etc/nginx/nginx.conf test is successful

2016-01-06 18:22:52,053 DEBG 'nginx' stderr output:
2016/01/06 18:22:52 [notice] 37#0: signal 1 (SIGHUP) received, reconfiguring
2016/01/06 18:22:52 [notice] 37#0: reconfiguring

2016-01-06 18:22:52,054 DEBG 'nginx' stderr output:
2016/01/06 18:22:52 [notice] 37#0: using the "epoll" event method
2016/01/06 18:22:52 [notice] 37#0: start worker processes
2016/01/06 18:22:52 [notice] 37#0: start worker process 58

2016-01-06 18:22:52,054 DEBG 'nginx' stderr output:
2016/01/06 18:22:52 [notice] 37#0: start worker process 59

2016-01-06 18:22:52,055 DEBG 'nginx' stderr output:
2016/01/06 18:22:52 [notice] 37#0: start worker process 60

2016-01-06 18:22:52,055 DEBG 'nginx' stderr output:
2016/01/06 18:22:52 [notice] 37#0: start worker process 61

2016-01-06 18:22:52,156 DEBG 'nginx' stderr output:
2016/01/06 18:22:52 [notice] 50#0: gracefully shutting down
2016/01/06 18:22:52 [notice] 50#0: exiting
2016/01/06 18:22:52 [notice] 52#0: gracefully shutting down
2016/01/06 18:22:52 [notice] 52#0: exiting
2016/01/06 18:22:52 [notice] 50#0: exit
2016/01/06 18:22:52 [notice] 52#0: exit
2016/01/06 18:22:52 [notice] 53#0: gracefully shutting down
2016/01/06 18:22:52 [notice] 54#0: gracefully shutting down
2016/01/06 18:22:52 [notice] 53#0: exiting
2016/01/06 18:22:52 [notice] 54#0: exiting
2016/01/06 18:22:52 [notice] 53#0: exit
2016/01/06 18:22:52 [notice] 54#0: exit

2016-01-06 18:22:52,209 DEBG 'nginx' stderr output:
2016/01/06 18:22:52 [notice] 37#0: signal 17 (SIGCHLD) received
2016/01/06 18:22:52 [notice] 37#0: worker process 50 exited with code 0
2016/01/06 18:22:52 [notice] 37#0: worker process 53 exited with code 0
2016/01/06 18:22:52 [notice] 37#0: signal 29 (SIGIO) received

2016-01-06 18:22:52,238 DEBG 'nginx' stderr output:
2016/01/06 18:22:52 [notice] 37#0: signal 17 (SIGCHLD) received
2016/01/06 18:22:52 [notice] 37#0: worker process 54 exited with code 0
2016/01/06 18:22:52 [notice] 37#0: signal 29 (SIGIO) received

2016-01-06 18:22:52,238 DEBG 'nginx' stderr output:
2016/01/06 18:22:52 [notice] 37#0: signal 17 (SIGCHLD) received
2016/01/06 18:22:52 [notice] 37#0: worker process 52 exited with code 0
2016/01/06 18:22:52 [notice] 37#0: signal 29 (SIGIO) received

2016-01-06 18:23:27,107 DEBG 'nginx-reload' stdout output:
/etc/nginx/hosts.d/ MOVED_TO wordpress.conf

2016-01-06 18:23:27,118 DEBG 'nginx-reload' stderr output:
nginx: the configuration file /etc/nginx/nginx.conf syntax is ok

2016-01-06 18:23:27,119 DEBG 'nginx-reload' stderr output:
nginx: configuration file /etc/nginx/nginx.conf test is successful

2016-01-06 18:23:27,133 DEBG 'nginx' stderr output:
2016/01/06 18:23:27 [notice] 37#0: signal 1 (SIGHUP) received, reconfiguring
2016/01/06 18:23:27 [notice] 37#0: reconfiguring

2016-01-06 18:23:27,138 DEBG 'nginx' stderr output:
2016/01/06 18:23:27 [notice] 37#0: using the "epoll" event method
2016/01/06 18:23:27 [notice] 37#0: start worker processes

2016-01-06 18:23:27,140 DEBG 'nginx' stderr output:
2016/01/06 18:23:27 [notice] 37#0: start worker process 65
2016/01/06 18:23:27 [notice] 37#0: start worker process 66

2016-01-06 18:23:27,143 DEBG 'nginx' stderr output:
2016/01/06 18:23:27 [notice] 37#0: start worker process 67
2016/01/06 18:23:27 [notice] 37#0: start worker process 68

2016-01-06 18:23:27,242 DEBG 'nginx' stderr output:
2016/01/06 18:23:27 [notice] 60#0: gracefully shutting down
2016/01/06 18:23:27 [notice] 58#0: gracefully shutting down
2016/01/06 18:23:27 [notice] 60#0: exiting
2016/01/06 18:23:27 [notice] 58#0: exiting
2016/01/06 18:23:27 [notice] 60#0: exit
2016/01/06 18:23:27 [notice] 58#0: exit
2016/01/06 18:23:27 [notice] 59#0: gracefully shutting down
2016/01/06 18:23:27 [notice] 59#0: exiting

2016-01-06 18:23:27,243 DEBG 'nginx' stderr output:
2016/01/06 18:23:27 [notice] 59#0: exit

2016-01-06 18:23:27,243 DEBG 'nginx' stderr output:
2016/01/06 18:23:27 [notice] 61#0: gracefully shutting down
2016/01/06 18:23:27 [notice] 61#0: exiting
2016/01/06 18:23:27 [notice] 61#0: exit

2016-01-06 18:23:27,298 DEBG 'nginx' stderr output:
2016/01/06 18:23:27 [notice] 37#0: signal 17 (SIGCHLD) received
2016/01/06 18:23:27 [notice] 37#0: worker process 60 exited with code 0
2016/01/06 18:23:27 [notice] 37#0: signal 29 (SIGIO) received
2016/01/06 18:23:27 [notice] 37#0: signal 17 (SIGCHLD) received
2016/01/06 18:23:27 [notice] 37#0: worker process 61 exited with code 0
2016/01/06 18:23:27 [notice] 37#0: signal 29 (SIGIO) received

2016-01-06 18:23:27,308 DEBG 'nginx' stderr output:
2016/01/06 18:23:27 [notice] 37#0: signal 17 (SIGCHLD) received
2016/01/06 18:23:27 [notice] 37#0: worker process 58 exited with code 0
2016/01/06 18:23:27 [notice] 37#0: signal 29 (SIGIO) received

2016-01-06 18:23:27,309 DEBG 'nginx' stderr output:
2016/01/06 18:23:27 [notice] 37#0: signal 17 (SIGCHLD) received
2016/01/06 18:23:27 [notice] 37#0: worker process 59 exited with code 0
2016/01/06 18:23:27 [notice] 37#0: signal 29 (SIGIO) received

2016-01-06 18:24:04,490 DEBG 'nginx-reload' stdout output:
/etc/nginx/hosts.d/ MOVED_TO wordpress.conf

2016-01-06 18:24:04,506 DEBG 'nginx-reload' stderr output:
nginx: the configuration file /etc/nginx/nginx.conf syntax is ok

2016-01-06 18:24:04,508 DEBG 'nginx-reload' stderr output:
nginx: configuration file /etc/nginx/nginx.conf test is successful

2016-01-06 18:24:04,521 DEBG 'nginx' stderr output:
2016/01/06 18:24:04 [notice] 37#0: signal 1 (SIGHUP) received, reconfiguring
2016/01/06 18:24:04 [notice] 37#0: reconfiguring

2016-01-06 18:24:04,524 DEBG 'nginx' stderr output:
2016/01/06 18:24:04 [notice] 37#0: using the "epoll" event method
2016/01/06 18:24:04 [notice] 37#0: start worker processes

2016-01-06 18:24:04,527 DEBG 'nginx' stderr output:
2016/01/06 18:24:04 [notice] 37#0: start worker process 71
2016/01/06 18:24:04 [notice] 37#0: start worker process 72
2016/01/06 18:24:04 [notice] 37#0: start worker process 73
2016/01/06 18:24:04 [notice] 37#0: start worker process 75

2016-01-06 18:24:04,629 DEBG 'nginx' stderr output:
2016/01/06 18:24:04 [notice] 68#0: gracefully shutting down
2016/01/06 18:24:04 [notice] 68#0: exiting
2016/01/06 18:24:04 [notice] 67#0: gracefully shutting down
2016/01/06 18:24:04 [notice] 67#0: exiting
2016/01/06 18:24:04 [notice] 68#0: exit
2016/01/06 18:24:04 [notice] 67#0: exit
2016/01/06 18:24:04 [notice] 65#0: gracefully shutting down
2016/01/06 18:24:04 [notice] 65#0: exiting

2016-01-06 18:24:04,629 DEBG 'nginx' stderr output:
2016/01/06 18:24:04 [notice] 65#0: exit
2016/01/06 18:24:04 [notice] 66#0: gracefully shutting down
2016/01/06 18:24:04 [notice] 66#0: exiting
2016/01/06 18:24:04 [notice] 66#0: exit

2016-01-06 18:24:04,678 DEBG 'nginx' stderr output:
2016/01/06 18:24:04 [notice] 37#0: signal 17 (SIGCHLD) received
2016/01/06 18:24:04 [notice] 37#0: worker process 66 exited with code 0
2016/01/06 18:24:04 [notice] 37#0: signal 29 (SIGIO) received

2016-01-06 18:24:04,690 DEBG 'nginx' stderr output:
2016/01/06 18:24:04 [notice] 37#0: signal 17 (SIGCHLD) received
2016/01/06 18:24:04 [notice] 37#0: worker process 65 exited with code 0
2016/01/06 18:24:04 [notice] 37#0: signal 29 (SIGIO) received

2016-01-06 18:24:04,691 DEBG 'nginx' stderr output:
2016/01/06 18:24:04 [notice] 37#0: signal 17 (SIGCHLD) received
2016/01/06 18:24:04 [notice] 37#0: worker process 67 exited with code 0
2016/01/06 18:24:04 [notice] 37#0: signal 29 (SIGIO) received

2016-01-06 18:24:04,718 DEBG 'nginx' stderr output:
2016/01/06 18:24:04 [notice] 37#0: signal 17 (SIGCHLD) received
2016/01/06 18:24:04 [notice] 37#0: worker process 68 exited with code 0

2016-01-06 18:24:04,719 DEBG 'nginx' stderr output:
2016/01/06 18:24:04 [notice] 37#0: signal 29 (SIGIO) received

2016-01-06 18:28:17,781 CRIT Supervisor running as root (no user in config file)
2016-01-06 18:28:17,781 WARN Included extra file "/etc/supervisor.d/nginx.conf" during parsing
2016-01-06 18:28:17,781 WARN Included extra file "/etc/supervisor.d/php-fpm.conf" during parsing
2016-01-06 18:28:17,796 INFO RPC interface 'supervisor' initialized
2016-01-06 18:28:17,796 INFO supervisord started with pid 34
2016-01-06 18:28:18,799 INFO spawned: 'nginx' with pid 37
2016-01-06 18:28:18,801 INFO spawned: 'nginx-reload' with pid 38
2016-01-06 18:28:18,803 INFO spawned: 'php-fpm' with pid 39
2016-01-06 18:28:18,821 DEBG 'nginx' stderr output:
2016/01/06 18:28:18 [notice] 37#0: using the "epoll" event method
2016/01/06 18:28:18 [notice] 37#0: nginx/1.8.0
2016/01/06 18:28:18 [notice] 37#0: built by gcc 4.8.2 20140120 (Red Hat 4.8.2-16) (GCC) 
2016/01/06 18:28:18 [notice] 37#0: OS: Linux 4.1.12-boot2docker
2016/01/06 18:28:18 [notice] 37#0: getrlimit(RLIMIT_NOFILE): 1048576:1048576
2016/01/06 18:28:18 [notice] 37#0: start worker processes
2016/01/06 18:28:18 [notice] 37#0: start worker process 41
2016/01/06 18:28:18 [notice] 37#0: start worker process 42
2016/01/06 18:28:18 [notice] 37#0: start worker process 43
2016/01/06 18:28:18 [notice] 37#0: start worker process 44

2016-01-06 18:28:18,990 DEBG fd 14 closed, stopped monitoring <POutputDispatcher at 140052453746016 for <Subprocess at 140052453935368 with name php-fpm in state STARTING> (stdout)>
2016-01-06 18:28:18,991 DEBG 'php-fpm' stderr output:
[06-Jan-2016 18:28:18] WARNING: Nothing matches the include pattern '/data/conf/php-fpm-www-*.conf' from /etc/php-fpm.d/www.conf at line 19.

2016-01-06 18:28:18,991 DEBG fd 18 closed, stopped monitoring <POutputDispatcher at 140052453746376 for <Subprocess at 140052453935368 with name php-fpm in state STARTING> (stderr)>
2016-01-06 18:28:19,993 INFO success: nginx entered RUNNING state, process has stayed up for > than 1 seconds (startsecs)
2016-01-06 18:28:19,993 INFO success: nginx-reload entered RUNNING state, process has stayed up for > than 1 seconds (startsecs)
2016-01-06 18:28:19,993 INFO success: php-fpm entered RUNNING state, process has stayed up for > than 1 seconds (startsecs)
2016-01-06 18:29:44,338 DEBG 'nginx-reload' stdout output:
/etc/nginx/hosts.d/ MOVED_TO wordpress.conf

2016-01-06 18:29:44,352 DEBG 'nginx-reload' stderr output:
nginx: the configuration file /etc/nginx/nginx.conf syntax is ok
nginx: configuration file /etc/nginx/nginx.conf test is successful

2016-01-06 18:29:44,361 DEBG 'nginx' stderr output:
2016/01/06 18:29:44 [notice] 37#0: signal 1 (SIGHUP) received, reconfiguring
2016/01/06 18:29:44 [notice] 37#0: reconfiguring
2016/01/06 18:29:44 [notice] 37#0: using the "epoll" event method
2016/01/06 18:29:44 [notice] 37#0: start worker processes

2016-01-06 18:29:44,362 DEBG 'nginx' stderr output:
2016/01/06 18:29:44 [notice] 37#0: start worker process 49

2016-01-06 18:29:44,363 DEBG 'nginx' stderr output:
2016/01/06 18:29:44 [notice] 37#0: start worker process 50

2016-01-06 18:29:44,363 DEBG 'nginx' stderr output:
2016/01/06 18:29:44 [notice] 37#0: start worker process 51

2016-01-06 18:29:44,364 DEBG 'nginx' stderr output:
2016/01/06 18:29:44 [notice] 37#0: start worker process 52

2016-01-06 18:29:44,468 DEBG 'nginx' stderr output:
2016/01/06 18:29:44 [notice] 41#0: gracefully shutting down
2016/01/06 18:29:44 [notice] 41#0: exiting
2016/01/06 18:29:44 [notice] 41#0: exit
2016/01/06 18:29:44 [notice] 42#0: gracefully shutting down
2016/01/06 18:29:44 [notice] 42#0: exiting
2016/01/06 18:29:44 [notice] 42#0: exit
2016/01/06 18:29:44 [notice] 43#0: gracefully shutting down
2016/01/06 18:29:44 [notice] 43#0: exiting
2016/01/06 18:29:44 [notice] 43#0: exit
2016/01/06 18:29:44 [notice] 44#0: gracefully shutting down
2016/01/06 18:29:44 [notice] 44#0: exiting
2016/01/06 18:29:44 [notice] 44#0: exit

2016-01-06 18:29:44,529 DEBG 'nginx' stderr output:
2016/01/06 18:29:44 [notice] 37#0: signal 17 (SIGCHLD) received
2016/01/06 18:29:44 [notice] 37#0: worker process 41 exited with code 0
2016/01/06 18:29:44 [notice] 37#0: worker process 44 exited with code 0

2016-01-06 18:29:44,530 DEBG 'nginx' stderr output:
2016/01/06 18:29:44 [notice] 37#0: signal 29 (SIGIO) received

2016-01-06 18:29:44,531 DEBG 'nginx' stderr output:
2016/01/06 18:29:44 [notice] 37#0: signal 17 (SIGCHLD) received
2016/01/06 18:29:44 [notice] 37#0: worker process 42 exited with code 0
2016/01/06 18:29:44 [notice] 37#0: signal 29 (SIGIO) received

2016-01-06 18:29:44,548 DEBG 'nginx' stderr output:
2016/01/06 18:29:44 [notice] 37#0: signal 17 (SIGCHLD) received
2016/01/06 18:29:44 [notice] 37#0: worker process 43 exited with code 0
2016/01/06 18:29:44 [notice] 37#0: signal 29 (SIGIO) received

2016-01-06 18:30:21,395 DEBG 'nginx-reload' stdout output:
/etc/nginx/hosts.d/ MOVED_TO wordpress.conf

2016-01-06 18:30:21,408 DEBG 'nginx-reload' stderr output:
nginx: the configuration file /etc/nginx/nginx.conf syntax is ok

2016-01-06 18:30:21,408 DEBG 'nginx-reload' stderr output:
nginx: configuration file /etc/nginx/nginx.conf test is successful

2016-01-06 18:30:21,417 DEBG 'nginx' stderr output:
2016/01/06 18:30:21 [notice] 37#0: signal 1 (SIGHUP) received, reconfiguring
2016/01/06 18:30:21 [notice] 37#0: reconfiguring

2016-01-06 18:30:21,420 DEBG 'nginx' stderr output:
2016/01/06 18:30:21 [notice] 37#0: using the "epoll" event method

2016-01-06 18:30:21,421 DEBG 'nginx' stderr output:
2016/01/06 18:30:21 [notice] 37#0: start worker processes

2016-01-06 18:30:21,422 DEBG 'nginx' stderr output:
2016/01/06 18:30:21 [notice] 37#0: start worker process 56

2016-01-06 18:30:21,423 DEBG 'nginx' stderr output:
2016/01/06 18:30:21 [notice] 37#0: start worker process 57
2016/01/06 18:30:21 [notice] 37#0: start worker process 58

2016-01-06 18:30:21,424 DEBG 'nginx' stderr output:
2016/01/06 18:30:21 [notice] 37#0: start worker process 59

2016-01-06 18:30:21,525 DEBG 'nginx' stderr output:
2016/01/06 18:30:21 [notice] 51#0: gracefully shutting down
2016/01/06 18:30:21 [notice] 51#0: exiting
2016/01/06 18:30:21 [notice] 50#0: gracefully shutting down
2016/01/06 18:30:21 [notice] 50#0: exiting
2016/01/06 18:30:21 [notice] 50#0: exit
2016/01/06 18:30:21 [notice] 51#0: exit
2016/01/06 18:30:21 [notice] 49#0: gracefully shutting down
2016/01/06 18:30:21 [notice] 49#0: exiting

2016-01-06 18:30:21,526 DEBG 'nginx' stderr output:
2016/01/06 18:30:21 [notice] 49#0: exit

2016-01-06 18:30:21,527 DEBG 'nginx' stderr output:
2016/01/06 18:30:21 [notice] 52#0: gracefully shutting down
2016/01/06 18:30:21 [notice] 52#0: exiting
2016/01/06 18:30:21 [notice] 52#0: exit

2016-01-06 18:30:21,580 DEBG 'nginx' stderr output:
2016/01/06 18:30:21 [notice] 37#0: signal 17 (SIGCHLD) received
2016/01/06 18:30:21 [notice] 37#0: worker process 50 exited with code 0
2016/01/06 18:30:21 [notice] 37#0: worker process 52 exited with code 0
2016/01/06 18:30:21 [notice] 37#0: signal 29 (SIGIO) received

2016-01-06 18:30:21,608 DEBG 'nginx' stderr output:
2016/01/06 18:30:21 [notice] 37#0: signal 17 (SIGCHLD) received
2016/01/06 18:30:21 [notice] 37#0: worker process 49 exited with code 0
2016/01/06 18:30:21 [notice] 37#0: worker process 51 exited with code 0
2016/01/06 18:30:21 [notice] 37#0: signal 29 (SIGIO) received
2016/01/06 18:30:21 [notice] 37#0: signal 17 (SIGCHLD) received

2016-01-06 18:31:24,521 DEBG 'nginx-reload' stdout output:
/etc/nginx/hosts.d/ MOVED_TO wordpress.conf

2016-01-06 18:31:24,532 DEBG 'nginx-reload' stderr output:
nginx: the configuration file /etc/nginx/nginx.conf syntax is ok

2016-01-06 18:31:24,533 DEBG 'nginx-reload' stderr output:
nginx: configuration file /etc/nginx/nginx.conf test is successful

2016-01-06 18:31:24,552 DEBG 'nginx' stderr output:
2016/01/06 18:31:24 [notice] 37#0: signal 1 (SIGHUP) received, reconfiguring
2016/01/06 18:31:24 [notice] 37#0: reconfiguring

2016-01-06 18:31:24,556 DEBG 'nginx' stderr output:
2016/01/06 18:31:24 [notice] 37#0: using the "epoll" event method
2016/01/06 18:31:24 [notice] 37#0: start worker processes

2016-01-06 18:31:24,557 DEBG 'nginx' stderr output:
2016/01/06 18:31:24 [notice] 37#0: start worker process 62
2016/01/06 18:31:24 [notice] 37#0: start worker process 63

2016-01-06 18:31:24,560 DEBG 'nginx' stderr output:
2016/01/06 18:31:24 [notice] 37#0: start worker process 65
2016/01/06 18:31:24 [notice] 37#0: start worker process 66

2016-01-06 18:31:24,660 DEBG 'nginx' stderr output:
2016/01/06 18:31:24 [notice] 56#0: gracefully shutting down
2016/01/06 18:31:24 [notice] 59#0: gracefully shutting down
2016/01/06 18:31:24 [notice] 58#0: gracefully shutting down
2016/01/06 18:31:24 [notice] 56#0: exiting
2016/01/06 18:31:24 [notice] 59#0: exiting
2016/01/06 18:31:24 [notice] 58#0: exiting
2016/01/06 18:31:24 [notice] 58#0: exit
2016/01/06 18:31:24 [notice] 56#0: exit
2016/01/06 18:31:24 [notice] 59#0: exit

2016-01-06 18:31:24,660 DEBG 'nginx' stderr output:
2016/01/06 18:31:24 [notice] 57#0: gracefully shutting down
2016/01/06 18:31:24 [notice] 57#0: exiting
2016/01/06 18:31:24 [notice] 57#0: exit

2016-01-06 18:31:24,718 DEBG 'nginx' stderr output:
2016/01/06 18:31:24 [notice] 37#0: signal 17 (SIGCHLD) received
2016/01/06 18:31:24 [notice] 37#0: worker process 57 exited with code 0
2016/01/06 18:31:24 [notice] 37#0: signal 29 (SIGIO) received

2016-01-06 18:31:24,719 DEBG 'nginx' stderr output:
2016/01/06 18:31:24 [notice] 37#0: signal 17 (SIGCHLD) received
2016/01/06 18:31:24 [notice] 37#0: worker process 59 exited with code 0

2016-01-06 18:31:24,719 DEBG 'nginx' stderr output:
2016/01/06 18:31:24 [notice] 37#0: signal 29 (SIGIO) received

2016-01-06 18:31:24,729 DEBG 'nginx' stderr output:
2016/01/06 18:31:24 [notice] 37#0: signal 17 (SIGCHLD) received
2016/01/06 18:31:24 [notice] 37#0: worker process 56 exited with code 0
2016/01/06 18:31:24 [notice] 37#0: signal 29 (SIGIO) received

2016-01-06 18:31:24,778 DEBG 'nginx' stderr output:
2016/01/06 18:31:24 [notice] 37#0: signal 17 (SIGCHLD) received
2016/01/06 18:31:24 [notice] 37#0: worker process 58 exited with code 0
2016/01/06 18:31:24 [notice] 37#0: signal 29 (SIGIO) received

2016-01-06 18:36:56,072 DEBG 'nginx-reload' stdout output:
/etc/nginx/hosts.d/ MOVED_TO wordpress.conf

2016-01-06 18:36:56,084 DEBG 'nginx-reload' stderr output:
nginx: the configuration file /etc/nginx/nginx.conf syntax is ok

2016-01-06 18:36:56,086 DEBG 'nginx-reload' stderr output:
nginx: configuration file /etc/nginx/nginx.conf test is successful

2016-01-06 18:36:56,098 DEBG 'nginx' stderr output:
2016/01/06 18:36:56 [notice] 37#0: signal 1 (SIGHUP) received, reconfiguring
2016/01/06 18:36:56 [notice] 37#0: reconfiguring

2016-01-06 18:36:56,103 DEBG 'nginx' stderr output:
2016/01/06 18:36:56 [notice] 37#0: using the "epoll" event method
2016/01/06 18:36:56 [notice] 37#0: start worker processes
2016/01/06 18:36:56 [notice] 37#0: start worker process 83

2016-01-06 18:36:56,104 DEBG 'nginx' stderr output:
2016/01/06 18:36:56 [notice] 37#0: start worker process 84

2016-01-06 18:36:56,105 DEBG 'nginx' stderr output:
2016/01/06 18:36:56 [notice] 37#0: start worker process 85

2016-01-06 18:36:56,106 DEBG 'nginx' stderr output:
2016/01/06 18:36:56 [notice] 37#0: start worker process 86

2016-01-06 18:36:56,207 DEBG 'nginx' stderr output:
2016/01/06 18:36:56 [notice] 62#0: gracefully shutting down
2016/01/06 18:36:56 [notice] 62#0: exiting
2016/01/06 18:36:56 [notice] 62#0: exit

2016-01-06 18:36:56,208 DEBG 'nginx' stderr output:
2016/01/06 18:36:56 [notice] 66#0: gracefully shutting down
2016/01/06 18:36:56 [notice] 66#0: exiting
2016/01/06 18:36:56 [notice] 66#0: exit
2016/01/06 18:36:56 [notice] 65#0: gracefully shutting down
2016/01/06 18:36:56 [notice] 65#0: exiting

2016-01-06 18:36:56,208 DEBG 'nginx' stderr output:
2016/01/06 18:36:56 [notice] 63#0: gracefully shutting down
2016/01/06 18:36:56 [notice] 63#0: exiting
2016/01/06 18:36:56 [notice] 63#0: exit

2016-01-06 18:36:56,209 DEBG 'nginx' stderr output:
2016/01/06 18:36:56 [notice] 65#0: exit

2016-01-06 18:36:56,267 DEBG 'nginx' stderr output:
2016/01/06 18:36:56 [notice] 37#0: signal 17 (SIGCHLD) received

2016-01-06 18:36:56,268 DEBG 'nginx' stderr output:
2016/01/06 18:36:56 [notice] 37#0: worker process 62 exited with code 0

2016-01-06 18:36:56,269 DEBG 'nginx' stderr output:
2016/01/06 18:36:56 [notice] 37#0: signal 29 (SIGIO) received

2016-01-06 18:36:56,307 DEBG 'nginx' stderr output:
2016/01/06 18:36:56 [notice] 37#0: signal 17 (SIGCHLD) received

2016-01-06 18:36:56,308 DEBG 'nginx' stderr output:
2016/01/06 18:36:56 [notice] 37#0: worker process 63 exited with code 0

2016-01-06 18:36:56,309 DEBG 'nginx' stderr output:
2016/01/06 18:36:56 [notice] 37#0: worker process 65 exited with code 0

2016-01-06 18:36:56,309 DEBG 'nginx' stderr output:
2016/01/06 18:36:56 [notice] 37#0: signal 29 (SIGIO) received

2016-01-06 18:36:56,310 DEBG 'nginx' stderr output:
2016/01/06 18:36:56 [notice] 37#0: signal 17 (SIGCHLD) received

2016-01-06 18:36:56,310 DEBG 'nginx' stderr output:
2016/01/06 18:36:56 [notice] 37#0: signal 17 (SIGCHLD) received

2016-01-06 18:36:56,311 DEBG 'nginx' stderr output:
2016/01/06 18:36:56 [notice] 37#0: worker process 66 exited with code 0

2016-01-06 18:36:56,311 DEBG 'nginx' stderr output:
2016/01/06 18:36:56 [notice] 37#0: signal 29 (SIGIO) received

2016-01-06 18:37:25,439 DEBG 'nginx-reload' stdout output:
/etc/nginx/hosts.d/ MOVED_TO wordpress.conf

2016-01-06 18:37:25,464 DEBG 'nginx-reload' stderr output:
nginx: the configuration file /etc/nginx/nginx.conf syntax is ok

2016-01-06 18:37:25,464 DEBG 'nginx-reload' stderr output:
nginx: configuration file /etc/nginx/nginx.conf test is successful

2016-01-06 18:37:25,481 DEBG 'nginx' stderr output:
2016/01/06 18:37:25 [notice] 37#0: signal 1 (SIGHUP) received, reconfiguring
2016/01/06 18:37:25 [notice] 37#0: reconfiguring
2016/01/06 18:37:25 [notice] 37#0: using the "epoll" event method
2016/01/06 18:37:25 [notice] 37#0: start worker processes
2016/01/06 18:37:25 [notice] 37#0: start worker process 90

2016-01-06 18:37:25,483 DEBG 'nginx' stderr output:
2016/01/06 18:37:25 [notice] 37#0: start worker process 91
2016/01/06 18:37:25 [notice] 37#0: start worker process 92

2016-01-06 18:37:25,484 DEBG 'nginx' stderr output:
2016/01/06 18:37:25 [notice] 37#0: start worker process 93

2016-01-06 18:37:25,588 DEBG 'nginx' stderr output:
2016/01/06 18:37:25 [notice] 83#0: gracefully shutting down
2016/01/06 18:37:25 [notice] 83#0: exiting
2016/01/06 18:37:25 [notice] 83#0: exit

2016-01-06 18:37:25,589 DEBG 'nginx' stderr output:
2016/01/06 18:37:25 [notice] 86#0: gracefully shutting down
2016/01/06 18:37:25 [notice] 86#0: exiting
2016/01/06 18:37:25 [notice] 86#0: exit
2016/01/06 18:37:25 [notice] 85#0: gracefully shutting down
2016/01/06 18:37:25 [notice] 85#0: exiting
2016/01/06 18:37:25 [notice] 84#0: gracefully shutting down
2016/01/06 18:37:25 [notice] 84#0: exiting
2016/01/06 18:37:25 [notice] 84#0: exit
2016/01/06 18:37:25 [notice] 85#0: exit

2016-01-06 18:37:25,648 DEBG 'nginx' stderr output:
2016/01/06 18:37:25 [notice] 37#0: signal 17 (SIGCHLD) received
2016/01/06 18:37:25 [notice] 37#0: worker process 84 exited with code 0

2016-01-06 18:37:25,649 DEBG 'nginx' stderr output:
2016/01/06 18:37:25 [notice] 37#0: signal 29 (SIGIO) received

2016-01-06 18:37:25,661 DEBG 'nginx' stderr output:
2016/01/06 18:37:25 [notice] 37#0: signal 17 (SIGCHLD) received
2016/01/06 18:37:25 [notice] 37#0: worker process 83 exited with code 0

2016-01-06 18:37:25,662 DEBG 'nginx' stderr output:
2016/01/06 18:37:25 [notice] 37#0: signal 29 (SIGIO) received

2016-01-06 18:37:25,678 DEBG 'nginx' stderr output:
2016/01/06 18:37:25 [notice] 37#0: signal 17 (SIGCHLD) received
2016/01/06 18:37:25 [notice] 37#0: worker process 85 exited with code 0
2016/01/06 18:37:25 [notice] 37#0: signal 29 (SIGIO) received

2016-01-06 18:37:25,679 DEBG 'nginx' stderr output:
2016/01/06 18:37:25 [notice] 37#0: signal 17 (SIGCHLD) received
2016/01/06 18:37:25 [notice] 37#0: worker process 86 exited with code 0
2016/01/06 18:37:25 [notice] 37#0: signal 29 (SIGIO) received

2016-01-06 18:39:25,649 DEBG 'nginx-reload' stdout output:
/etc/nginx/hosts.d/ MOVED_TO wordpress.conf

2016-01-06 18:39:25,661 DEBG 'nginx-reload' stderr output:
nginx: the configuration file /etc/nginx/nginx.conf syntax is ok

2016-01-06 18:39:25,662 DEBG 'nginx-reload' stderr output:
nginx: configuration file /etc/nginx/nginx.conf test is successful

2016-01-06 18:39:25,679 DEBG 'nginx' stderr output:
2016/01/06 18:39:25 [notice] 37#0: signal 1 (SIGHUP) received, reconfiguring
2016/01/06 18:39:25 [notice] 37#0: reconfiguring

2016-01-06 18:39:25,685 DEBG 'nginx' stderr output:
2016/01/06 18:39:25 [notice] 37#0: using the "epoll" event method
2016/01/06 18:39:25 [notice] 37#0: start worker processes
2016/01/06 18:39:25 [notice] 37#0: start worker process 103
2016/01/06 18:39:25 [notice] 37#0: start worker process 104
2016/01/06 18:39:25 [notice] 37#0: start worker process 105
2016/01/06 18:39:25 [notice] 37#0: start worker process 106

2016-01-06 18:39:25,786 DEBG 'nginx' stderr output:
2016/01/06 18:39:25 [notice] 90#0: gracefully shutting down
2016/01/06 18:39:25 [notice] 90#0: exiting
2016/01/06 18:39:25 [notice] 90#0: exit

2016-01-06 18:39:25,787 DEBG 'nginx' stderr output:
2016/01/06 18:39:25 [notice] 93#0: gracefully shutting down
2016/01/06 18:39:25 [notice] 93#0: exiting
2016/01/06 18:39:25 [notice] 93#0: exit
2016/01/06 18:39:25 [notice] 92#0: gracefully shutting down

2016-01-06 18:39:25,787 DEBG 'nginx' stderr output:
2016/01/06 18:39:25 [notice] 91#0: gracefully shutting down
2016/01/06 18:39:25 [notice] 91#0: exiting
2016/01/06 18:39:25 [notice] 91#0: exit
2016/01/06 18:39:25 [notice] 92#0: exiting
2016/01/06 18:39:25 [notice] 92#0: exit

2016-01-06 18:39:25,828 DEBG 'nginx' stderr output:
2016/01/06 18:39:25 [notice] 37#0: signal 17 (SIGCHLD) received
2016/01/06 18:39:25 [notice] 37#0: worker process 90 exited with code 0
2016/01/06 18:39:25 [notice] 37#0: signal 29 (SIGIO) received

2016-01-06 18:39:25,858 DEBG 'nginx' stderr output:
2016/01/06 18:39:25 [notice] 37#0: signal 17 (SIGCHLD) received
2016/01/06 18:39:25 [notice] 37#0: worker process 92 exited with code 0
2016/01/06 18:39:25 [notice] 37#0: signal 29 (SIGIO) received

2016-01-06 18:39:25,888 DEBG 'nginx' stderr output:
2016/01/06 18:39:25 [notice] 37#0: signal 17 (SIGCHLD) received
2016/01/06 18:39:25 [notice] 37#0: worker process 93 exited with code 0

2016-01-06 18:39:25,889 DEBG 'nginx' stderr output:
2016/01/06 18:39:25 [notice] 37#0: signal 29 (SIGIO) received
2016/01/06 18:39:25 [notice] 37#0: signal 17 (SIGCHLD) received
2016/01/06 18:39:25 [notice] 37#0: worker process 91 exited with code 0
2016/01/06 18:39:25 [notice] 37#0: signal 29 (SIGIO) received

2016-01-06 18:40:00,749 CRIT Supervisor running as root (no user in config file)
2016-01-06 18:40:00,749 WARN Included extra file "/etc/supervisor.d/nginx.conf" during parsing
2016-01-06 18:40:00,749 WARN Included extra file "/etc/supervisor.d/php-fpm.conf" during parsing
2016-01-06 18:40:00,759 INFO RPC interface 'supervisor' initialized
2016-01-06 18:40:00,760 INFO supervisord started with pid 33
2016-01-06 18:40:01,762 INFO spawned: 'nginx' with pid 36
2016-01-06 18:40:01,765 INFO spawned: 'nginx-reload' with pid 37
2016-01-06 18:40:01,767 INFO spawned: 'php-fpm' with pid 38
2016-01-06 18:40:01,775 DEBG 'nginx' stderr output:
2016/01/06 18:40:01 [notice] 36#0: using the "epoll" event method

2016-01-06 18:40:01,776 DEBG 'nginx' stderr output:
2016/01/06 18:40:01 [notice] 36#0: nginx/1.8.0

2016-01-06 18:40:01,776 DEBG 'nginx' stderr output:
2016/01/06 18:40:01 [notice] 36#0: built by gcc 4.8.2 20140120 (Red Hat 4.8.2-16) (GCC) 

2016-01-06 18:40:01,777 DEBG 'nginx' stderr output:
2016/01/06 18:40:01 [notice] 36#0: OS: Linux 4.1.12-boot2docker

2016-01-06 18:40:01,777 DEBG 'nginx' stderr output:
2016/01/06 18:40:01 [notice] 36#0: getrlimit(RLIMIT_NOFILE): 1048576:1048576

2016-01-06 18:40:01,778 DEBG 'nginx' stderr output:
2016/01/06 18:40:01 [notice] 36#0: start worker processes

2016-01-06 18:40:01,779 DEBG 'nginx' stderr output:
2016/01/06 18:40:01 [notice] 36#0: start worker process 40

2016-01-06 18:40:01,781 DEBG 'nginx' stderr output:
2016/01/06 18:40:01 [notice] 36#0: start worker process 41

2016-01-06 18:40:01,782 DEBG 'nginx' stderr output:
2016/01/06 18:40:01 [notice] 36#0: start worker process 42

2016-01-06 18:40:01,783 DEBG 'nginx' stderr output:
2016/01/06 18:40:01 [notice] 36#0: start worker process 43

2016-01-06 18:40:01,826 DEBG fd 14 closed, stopped monitoring <POutputDispatcher at 44279136 for <Subprocess at 43768216 with name php-fpm in state STARTING> (stdout)>
2016-01-06 18:40:01,827 DEBG 'php-fpm' stderr output:
[06-Jan-2016 18:40:01] WARNING: Nothing matches the include pattern '/data/conf/php-fpm-www-*.conf' from /etc/php-fpm.d/www.conf at line 19.

2016-01-06 18:40:01,829 DEBG fd 18 closed, stopped monitoring <POutputDispatcher at 44279496 for <Subprocess at 43768216 with name php-fpm in state STARTING> (stderr)>
2016-01-06 18:40:02,830 INFO success: nginx entered RUNNING state, process has stayed up for > than 1 seconds (startsecs)
2016-01-06 18:40:02,830 INFO success: nginx-reload entered RUNNING state, process has stayed up for > than 1 seconds (startsecs)
2016-01-06 18:40:02,830 INFO success: php-fpm entered RUNNING state, process has stayed up for > than 1 seconds (startsecs)
